{"meta": {"format": 3, "version": "7.13.0", "timestamp": "2025-12-23T07:27:36.517455", "branch_coverage": true, "show_contexts": false}, "files": {"scripts/__init__.py": {"executed_lines": [], "summary": {"covered_lines": 0, "num_statements": 0, "percent_covered": 100.0, "percent_covered_display": "100", "missing_lines": 0, "excluded_lines": 0, "percent_statements_covered": 100.0, "percent_statements_covered_display": "100", "num_branches": 0, "num_partial_branches": 0, "covered_branches": 0, "missing_branches": 0, "percent_branches_covered": 100.0, "percent_branches_covered_display": "100"}, "missing_lines": [], "excluded_lines": [], "executed_branches": [], "missing_branches": [], "functions": {"": {"executed_lines": [], "summary": {"covered_lines": 0, "num_statements": 0, "percent_covered": 100.0, "percent_covered_display": "100", "missing_lines": 0, "excluded_lines": 0, "percent_statements_covered": 100.0, "percent_statements_covered_display": "100", "num_branches": 0, "num_partial_branches": 0, "covered_branches": 0, "missing_branches": 0, "percent_branches_covered": 100.0, "percent_branches_covered_display": "100"}, "missing_lines": [], "excluded_lines": [], "executed_branches": [], "missing_branches": []}}, "classes": {"": {"executed_lines": [], "summary": {"covered_lines": 0, "num_statements": 0, "percent_covered": 100.0, "percent_covered_display": "100", "missing_lines": 0, "excluded_lines": 0, "percent_statements_covered": 100.0, "percent_statements_covered_display": "100", "num_branches": 0, "num_partial_branches": 0, "covered_branches": 0, "missing_branches": 0, "percent_branches_covered": 100.0, "percent_branches_covered_display": "100"}, "missing_lines": [], "excluded_lines": [], "executed_branches": [], "missing_branches": []}}}, "scripts/add_metadata.py": {"executed_lines": [2, 11, 12, 13, 14, 16, 19, 21, 22, 24, 25, 26, 27, 28, 29, 30, 31, 32, 35, 37, 40, 43, 44, 47, 92], "summary": {"covered_lines": 23, "num_statements": 48, "percent_covered": 41.666666666666664, "percent_covered_display": "42", "missing_lines": 25, "excluded_lines": 3, "percent_statements_covered": 47.916666666666664, "percent_statements_covered_display": "48", "num_branches": 12, "num_partial_branches": 0, "covered_branches": 2, "missing_branches": 10, "percent_branches_covered": 16.666666666666668, "percent_branches_covered_display": "17"}, "missing_lines": [49, 50, 51, 52, 60, 62, 63, 65, 66, 67, 69, 70, 72, 73, 75, 76, 78, 79, 80, 82, 83, 85, 86, 87, 89], "excluded_lines": [92, 93, 95], "executed_branches": [[24, 25], [24, 32]], "missing_branches": [[65, 66], [65, 69], [72, 73], [72, 75], [75, 76], [75, 78], [78, 79], [78, 82], [86, 87], [86, 89]], "functions": {"parse_frontmatter": {"executed_lines": [21, 22, 24, 25, 26, 27, 28, 29, 30, 31, 32], "summary": {"covered_lines": 11, "num_statements": 11, "percent_covered": 100.0, "percent_covered_display": "100", "missing_lines": 0, "excluded_lines": 0, "percent_statements_covered": 100.0, "percent_statements_covered_display": "100", "num_branches": 2, "num_partial_branches": 0, "covered_branches": 2, "missing_branches": 0, "percent_branches_covered": 100.0, "percent_branches_covered_display": "100"}, "missing_lines": [], "excluded_lines": [], "executed_branches": [[24, 25], [24, 32]], "missing_branches": []}, "update_frontmatter": {"executed_lines": [37, 40, 43, 44], "summary": {"covered_lines": 4, "num_statements": 4, "percent_covered": 100.0, "percent_covered_display": "100", "missing_lines": 0, "excluded_lines": 0, "percent_statements_covered": 100.0, "percent_statements_covered_display": "100", "num_branches": 0, "num_partial_branches": 0, "covered_branches": 0, "missing_branches": 0, "percent_branches_covered": 100.0, "percent_branches_covered_display": "100"}, "missing_lines": [], "excluded_lines": [], "executed_branches": [], "missing_branches": []}, "main": {"executed_lines": [], "summary": {"covered_lines": 0, "num_statements": 25, "percent_covered": 0.0, "percent_covered_display": "0", "missing_lines": 25, "excluded_lines": 0, "percent_statements_covered": 0.0, "percent_statements_covered_display": "0", "num_branches": 10, "num_partial_branches": 0, "covered_branches": 0, "missing_branches": 10, "percent_branches_covered": 0.0, "percent_branches_covered_display": "0"}, "missing_lines": [49, 50, 51, 52, 60, 62, 63, 65, 66, 67, 69, 70, 72, 73, 75, 76, 78, 79, 80, 82, 83, 85, 86, 87, 89], "excluded_lines": [], "executed_branches": [], "missing_branches": [[65, 66], [65, 69], [72, 73], [72, 75], [75, 76], [75, 78], [78, 79], [78, 82], [86, 87], [86, 89]]}, "": {"executed_lines": [2, 11, 12, 13, 14, 16, 19, 35, 47, 92], "summary": {"covered_lines": 8, "num_statements": 8, "percent_covered": 100.0, "percent_covered_display": "100", "missing_lines": 0, "excluded_lines": 3, "percent_statements_covered": 100.0, "percent_statements_covered_display": "100", "num_branches": 0, "num_partial_branches": 0, "covered_branches": 0, "missing_branches": 0, "percent_branches_covered": 100.0, "percent_branches_covered_display": "100"}, "missing_lines": [], "excluded_lines": [92, 93, 95], "executed_branches": [], "missing_branches": []}}, "classes": {"": {"executed_lines": [2, 11, 12, 13, 14, 16, 19, 21, 22, 24, 25, 26, 27, 28, 29, 30, 31, 32, 35, 37, 40, 43, 44, 47, 92], "summary": {"covered_lines": 23, "num_statements": 48, "percent_covered": 41.666666666666664, "percent_covered_display": "42", "missing_lines": 25, "excluded_lines": 3, "percent_statements_covered": 47.916666666666664, "percent_statements_covered_display": "48", "num_branches": 12, "num_partial_branches": 0, "covered_branches": 2, "missing_branches": 10, "percent_branches_covered": 16.666666666666668, "percent_branches_covered_display": "17"}, "missing_lines": [49, 50, 51, 52, 60, 62, 63, 65, 66, 67, 69, 70, 72, 73, 75, 76, 78, 79, 80, 82, 83, 85, 86, 87, 89], "excluded_lines": [92, 93, 95], "executed_branches": [[24, 25], [24, 32]], "missing_branches": [[65, 66], [65, 69], [72, 73], [72, 75], [75, 76], [75, 78], [78, 79], [78, 82], [86, 87], [86, 89]]}}}, "scripts/build_index.py": {"executed_lines": [2, 12, 13, 14, 15, 16, 17, 19, 22, 24, 25, 27, 28, 29, 30, 31, 32, 33, 34, 35, 38, 40, 42, 43, 45, 46, 47, 49, 50, 51, 54, 55, 57, 66, 67, 75, 76, 84, 88, 91, 93, 95, 106, 107, 108, 109, 112, 113, 118, 119, 142, 143, 148, 149, 159, 162, 190], "summary": {"covered_lines": 55, "num_statements": 86, "percent_covered": 61.86440677966102, "percent_covered_display": "62", "missing_lines": 31, "excluded_lines": 2, "percent_statements_covered": 63.95348837209303, "percent_statements_covered_display": "64", "num_branches": 32, "num_partial_branches": 6, "covered_branches": 18, "missing_branches": 14, "percent_branches_covered": 56.25, "percent_branches_covered_display": "56"}, "missing_lines": [85, 86, 114, 115, 120, 121, 122, 123, 124, 125, 127, 137, 138, 139, 144, 145, 150, 164, 165, 169, 171, 172, 175, 178, 179, 182, 183, 184, 185, 186, 187], "excluded_lines": [190, 191], "executed_branches": [[27, 28], [27, 35], [42, 43], [42, 45], [45, 46], [45, 88], [46, 47], [46, 49], [66, 67], [66, 75], [75, 76], [107, 108], [107, 112], [108, 109], [113, 118], [119, 142], [143, 148], [149, 159]], "missing_branches": [[75, 84], [108, 107], [113, 114], [114, 113], [114, 115], [119, 120], [120, 119], [120, 121], [122, 119], [122, 123], [143, 144], [144, 143], [144, 145], [149, 150]], "functions": {"parse_frontmatter": {"executed_lines": [24, 25, 27, 28, 29, 30, 31, 32, 33, 34, 35], "summary": {"covered_lines": 11, "num_statements": 11, "percent_covered": 100.0, "percent_covered_display": "100", "missing_lines": 0, "excluded_lines": 0, "percent_statements_covered": 100.0, "percent_statements_covered_display": "100", "num_branches": 2, "num_partial_branches": 0, "covered_branches": 2, "missing_branches": 0, "percent_branches_covered": 100.0, "percent_branches_covered_display": "100"}, "missing_lines": [], "excluded_lines": [], "executed_branches": [[27, 28], [27, 35]], "missing_branches": []}, "scan_directory": {"executed_lines": [40, 42, 43, 45, 46, 47, 49, 50, 51, 54, 55, 57, 66, 67, 75, 76, 84, 88], "summary": {"covered_lines": 18, "num_statements": 20, "percent_covered": 90.0, "percent_covered_display": "90", "missing_lines": 2, "excluded_lines": 0, "percent_statements_covered": 90.0, "percent_statements_covered_display": "90", "num_branches": 10, "num_partial_branches": 1, "covered_branches": 9, "missing_branches": 1, "percent_branches_covered": 90.0, "percent_branches_covered_display": "90"}, "missing_lines": [85, 86], "excluded_lines": [], "executed_branches": [[42, 43], [42, 45], [45, 46], [45, 88], [46, 47], [46, 49], [66, 67], [66, 75], [75, 76]], "missing_branches": [[75, 84]]}, "build_index": {"executed_lines": [93, 95, 106, 107, 108, 109, 112, 113, 118, 119, 142, 143, 148, 149, 159], "summary": {"covered_lines": 15, "num_statements": 30, "percent_covered": 44.0, "percent_covered_display": "44", "missing_lines": 15, "excluded_lines": 0, "percent_statements_covered": 50.0, "percent_statements_covered_display": "50", "num_branches": 20, "num_partial_branches": 5, "covered_branches": 7, "missing_branches": 13, "percent_branches_covered": 35.0, "percent_branches_covered_display": "35"}, "missing_lines": [114, 115, 120, 121, 122, 123, 124, 125, 127, 137, 138, 139, 144, 145, 150], "excluded_lines": [], "executed_branches": [[107, 108], [107, 112], [108, 109], [113, 118], [119, 142], [143, 148], [149, 159]], "missing_branches": [[108, 107], [113, 114], [114, 113], [114, 115], [119, 120], [120, 119], [120, 121], [122, 119], [122, 123], [143, 144], [144, 143], [144, 145], [149, 150]]}, "main": {"executed_lines": [], "summary": {"covered_lines": 0, "num_statements": 14, "percent_covered": 0.0, "percent_covered_display": "0", "missing_lines": 14, "excluded_lines": 0, "percent_statements_covered": 0.0, "percent_statements_covered_display": "0", "num_branches": 0, "num_partial_branches": 0, "covered_branches": 0, "missing_branches": 0, "percent_branches_covered": 100.0, "percent_branches_covered_display": "100"}, "missing_lines": [164, 165, 169, 171, 172, 175, 178, 179, 182, 183, 184, 185, 186, 187], "excluded_lines": [], "executed_branches": [], "missing_branches": []}, "": {"executed_lines": [2, 12, 13, 14, 15, 16, 17, 19, 22, 38, 91, 162, 190], "summary": {"covered_lines": 11, "num_statements": 11, "percent_covered": 100.0, "percent_covered_display": "100", "missing_lines": 0, "excluded_lines": 2, "percent_statements_covered": 100.0, "percent_statements_covered_display": "100", "num_branches": 0, "num_partial_branches": 0, "covered_branches": 0, "missing_branches": 0, "percent_branches_covered": 100.0, "percent_branches_covered_display": "100"}, "missing_lines": [], "excluded_lines": [190, 191], "executed_branches": [], "missing_branches": []}}, "classes": {"": {"executed_lines": [2, 12, 13, 14, 15, 16, 17, 19, 22, 24, 25, 27, 28, 29, 30, 31, 32, 33, 34, 35, 38, 40, 42, 43, 45, 46, 47, 49, 50, 51, 54, 55, 57, 66, 67, 75, 76, 84, 88, 91, 93, 95, 106, 107, 108, 109, 112, 113, 118, 119, 142, 143, 148, 149, 159, 162, 190], "summary": {"covered_lines": 55, "num_statements": 86, "percent_covered": 61.86440677966102, "percent_covered_display": "62", "missing_lines": 31, "excluded_lines": 2, "percent_statements_covered": 63.95348837209303, "percent_statements_covered_display": "64", "num_branches": 32, "num_partial_branches": 6, "covered_branches": 18, "missing_branches": 14, "percent_branches_covered": 56.25, "percent_branches_covered_display": "56"}, "missing_lines": [85, 86, 114, 115, 120, 121, 122, 123, 124, 125, 127, 137, 138, 139, 144, 145, 150, 164, 165, 169, 171, 172, 175, 178, 179, 182, 183, 184, 185, 186, 187], "excluded_lines": [190, 191], "executed_branches": [[27, 28], [27, 35], [42, 43], [42, 45], [45, 46], [45, 88], [46, 47], [46, 49], [66, 67], [66, 75], [75, 76], [107, 108], [107, 112], [108, 109], [113, 118], [119, 142], [143, 148], [149, 159]], "missing_branches": [[75, 84], [108, 107], [113, 114], [114, 113], [114, 115], [119, 120], [120, 119], [120, 121], [122, 119], [122, 123], [143, 144], [144, 143], [144, 145], [149, 150]]}}}, "scripts/detect_secrets.py": {"executed_lines": [2, 15, 16, 17, 18, 21, 23, 24, 25, 26, 27, 30, 32, 33, 34, 35, 36, 39, 41, 43, 46, 59, 60, 61, 62, 64, 66, 67, 68, 69, 70, 73, 75, 77, 79, 80, 81, 83, 84, 86, 87, 88, 89, 90, 91, 93, 96, 122], "summary": {"covered_lines": 46, "num_statements": 61, "percent_covered": 72.15189873417721, "percent_covered_display": "72", "missing_lines": 15, "excluded_lines": 2, "percent_statements_covered": 75.40983606557377, "percent_statements_covered_display": "75", "num_branches": 18, "num_partial_branches": 1, "covered_branches": 11, "missing_branches": 7, "percent_branches_covered": 61.111111111111114, "percent_branches_covered_display": "61"}, "missing_lines": [92, 97, 98, 101, 103, 105, 106, 107, 109, 111, 113, 114, 116, 117, 119], "excluded_lines": [122, 123], "executed_branches": [[33, -30], [33, 34], [60, 61], [60, 62], [66, 67], [66, 69], [79, 80], [79, 83], [86, 87], [86, 89], [91, 93]], "missing_branches": [[91, 92], [105, 106], [105, 109], [113, 114], [113, 116], [116, 117], [116, 119]], "functions": {"run_command": {"executed_lines": [23, 24, 25, 26, 27], "summary": {"covered_lines": 5, "num_statements": 5, "percent_covered": 100.0, "percent_covered_display": "100", "missing_lines": 0, "excluded_lines": 0, "percent_statements_covered": 100.0, "percent_statements_covered_display": "100", "num_branches": 0, "num_partial_branches": 0, "covered_branches": 0, "missing_branches": 0, "percent_branches_covered": 100.0, "percent_branches_covered_display": "100"}, "missing_lines": [], "excluded_lines": [], "executed_branches": [], "missing_branches": []}, "check_detect_secrets": {"executed_lines": [32, 33, 34, 35, 36], "summary": {"covered_lines": 5, "num_statements": 5, "percent_covered": 100.0, "percent_covered_display": "100", "missing_lines": 0, "excluded_lines": 0, "percent_statements_covered": 100.0, "percent_statements_covered_display": "100", "num_branches": 2, "num_partial_branches": 0, "covered_branches": 2, "missing_branches": 0, "percent_branches_covered": 100.0, "percent_branches_covered_display": "100"}, "missing_lines": [], "excluded_lines": [], "executed_branches": [[33, -30], [33, 34]], "missing_branches": []}, "generate_baseline": {"executed_lines": [41, 43, 46, 59, 60, 61, 62, 64, 66, 67, 68, 69, 70], "summary": {"covered_lines": 13, "num_statements": 13, "percent_covered": 100.0, "percent_covered_display": "100", "missing_lines": 0, "excluded_lines": 0, "percent_statements_covered": 100.0, "percent_statements_covered_display": "100", "num_branches": 4, "num_partial_branches": 0, "covered_branches": 4, "missing_branches": 0, "percent_branches_covered": 100.0, "percent_branches_covered_display": "100"}, "missing_lines": [], "excluded_lines": [], "executed_branches": [[60, 61], [60, 62], [66, 67], [66, 69]], "missing_branches": []}, "scan_repository": {"executed_lines": [75, 77, 79, 80, 81, 83, 84, 86, 87, 88, 89, 90, 91, 93], "summary": {"covered_lines": 14, "num_statements": 15, "percent_covered": 90.47619047619048, "percent_covered_display": "90", "missing_lines": 1, "excluded_lines": 0, "percent_statements_covered": 93.33333333333333, "percent_statements_covered_display": "93", "num_branches": 6, "num_partial_branches": 1, "covered_branches": 5, "missing_branches": 1, "percent_branches_covered": 83.33333333333333, "percent_branches_covered_display": "83"}, "missing_lines": [92], "excluded_lines": [], "executed_branches": [[79, 80], [79, 83], [86, 87], [86, 89], [91, 93]], "missing_branches": [[91, 92]]}, "main": {"executed_lines": [], "summary": {"covered_lines": 0, "num_statements": 14, "percent_covered": 0.0, "percent_covered_display": "0", "missing_lines": 14, "excluded_lines": 0, "percent_statements_covered": 0.0, "percent_statements_covered_display": "0", "num_branches": 6, "num_partial_branches": 0, "covered_branches": 0, "missing_branches": 6, "percent_branches_covered": 0.0, "percent_branches_covered_display": "0"}, "missing_lines": [97, 98, 101, 103, 105, 106, 107, 109, 111, 113, 114, 116, 117, 119], "excluded_lines": [], "executed_branches": [], "missing_branches": [[105, 106], [105, 109], [113, 114], [113, 116], [116, 117], [116, 119]]}, "": {"executed_lines": [2, 15, 16, 17, 18, 21, 30, 39, 73, 96, 122], "summary": {"covered_lines": 9, "num_statements": 9, "percent_covered": 100.0, "percent_covered_display": "100", "missing_lines": 0, "excluded_lines": 2, "percent_statements_covered": 100.0, "percent_statements_covered_display": "100", "num_branches": 0, "num_partial_branches": 0, "covered_branches": 0, "missing_branches": 0, "percent_branches_covered": 100.0, "percent_branches_covered_display": "100"}, "missing_lines": [], "excluded_lines": [122, 123], "executed_branches": [], "missing_branches": []}}, "classes": {"": {"executed_lines": [2, 15, 16, 17, 18, 21, 23, 24, 25, 26, 27, 30, 32, 33, 34, 35, 36, 39, 41, 43, 46, 59, 60, 61, 62, 64, 66, 67, 68, 69, 70, 73, 75, 77, 79, 80, 81, 83, 84, 86, 87, 88, 89, 90, 91, 93, 96, 122], "summary": {"covered_lines": 46, "num_statements": 61, "percent_covered": 72.15189873417721, "percent_covered_display": "72", "missing_lines": 15, "excluded_lines": 2, "percent_statements_covered": 75.40983606557377, "percent_statements_covered_display": "75", "num_branches": 18, "num_partial_branches": 1, "covered_branches": 11, "missing_branches": 7, "percent_branches_covered": 61.111111111111114, "percent_branches_covered_display": "61"}, "missing_lines": [92, 97, 98, 101, 103, 105, 106, 107, 109, 111, 113, 114, 116, 117, 119], "excluded_lines": [122, 123], "executed_branches": [[33, -30], [33, 34], [60, 61], [60, 62], [66, 67], [66, 69], [79, 80], [79, 83], [86, 87], [86, 89], [91, 93]], "missing_branches": [[91, 92], [105, 106], [105, 109], [113, 114], [113, 116], [116, 117], [116, 119]]}}}, "scripts/install_component.py": {"executed_lines": [2, 12, 13, 14, 15, 16, 17, 19, 22, 24, 25, 26, 27, 30, 32, 33, 34, 35, 36, 39, 40, 41, 43, 46, 53, 55, 56, 57, 59, 60, 61, 62, 63, 65, 66, 67, 68, 69, 70, 73, 74, 75, 78, 79, 80, 81, 84, 85, 88, 90, 92, 95, 96, 97, 99, 100, 102, 103, 104, 105, 106, 108, 111, 118, 119, 120, 121, 123, 126, 127, 128, 129, 132, 134, 138, 139, 140, 141, 142, 145], "summary": {"covered_lines": 78, "num_statements": 79, "percent_covered": 98.1981981981982, "percent_covered_display": "98", "missing_lines": 1, "excluded_lines": 3, "percent_statements_covered": 98.73417721518987, "percent_statements_covered_display": "99", "num_branches": 32, "num_partial_branches": 1, "covered_branches": 31, "missing_branches": 1, "percent_branches_covered": 96.875, "percent_branches_covered_display": "97"}, "missing_lines": [122], "excluded_lines": [145, 146, 148], "executed_branches": [[25, 26], [25, 27], [39, 40], [39, 43], [40, 39], [40, 41], [55, 56], [55, 65], [57, 55], [57, 59], [59, 60], [59, 61], [61, 62], [61, 63], [65, 66], [65, 67], [67, 68], [67, 75], [69, 70], [69, 73], [95, 96], [95, 108], [96, 97], [96, 99], [118, 119], [118, 126], [121, 123], [127, 128], [127, 132], [138, 139], [138, 141]], "missing_branches": [[121, 122]], "functions": {"load_local_registry": {"executed_lines": [24, 25, 26, 27], "summary": {"covered_lines": 4, "num_statements": 4, "percent_covered": 100.0, "percent_covered_display": "100", "missing_lines": 0, "excluded_lines": 0, "percent_statements_covered": 100.0, "percent_statements_covered_display": "100", "num_branches": 2, "num_partial_branches": 0, "covered_branches": 2, "missing_branches": 0, "percent_branches_covered": 100.0, "percent_branches_covered_display": "100"}, "missing_lines": [], "excluded_lines": [], "executed_branches": [[25, 26], [25, 27]], "missing_branches": []}, "load_remote_registry": {"executed_lines": [32, 33, 34, 35, 36, 39, 40, 41, 43], "summary": {"covered_lines": 9, "num_statements": 9, "percent_covered": 100.0, "percent_covered_display": "100", "missing_lines": 0, "excluded_lines": 0, "percent_statements_covered": 100.0, "percent_statements_covered_display": "100", "num_branches": 4, "num_partial_branches": 0, "covered_branches": 4, "missing_branches": 0, "percent_branches_covered": 100.0, "percent_branches_covered_display": "100"}, "missing_lines": [], "excluded_lines": [], "executed_branches": [[39, 40], [39, 43], [40, 39], [40, 41]], "missing_branches": []}, "find_component": {"executed_lines": [53, 55, 56, 57, 59, 60, 61, 62, 63, 65, 66, 67, 68, 69, 70, 73, 74, 75], "summary": {"covered_lines": 18, "num_statements": 18, "percent_covered": 100.0, "percent_covered_display": "100", "missing_lines": 0, "excluded_lines": 0, "percent_statements_covered": 100.0, "percent_statements_covered_display": "100", "num_branches": 14, "num_partial_branches": 0, "covered_branches": 14, "missing_branches": 0, "percent_branches_covered": 100.0, "percent_branches_covered_display": "100"}, "missing_lines": [], "excluded_lines": [], "executed_branches": [[55, 56], [55, 65], [57, 55], [57, 59], [59, 60], [59, 61], [61, 62], [61, 63], [65, 66], [65, 67], [67, 68], [67, 75], [69, 70], [69, 73]], "missing_branches": []}, "main": {"executed_lines": [79, 80, 81, 84, 85, 88, 90, 92, 95, 96, 97, 99, 100, 102, 103, 104, 105, 106, 108, 111, 118, 119, 120, 121, 123, 126, 127, 128, 129, 132, 134, 138, 139, 140, 141, 142], "summary": {"covered_lines": 36, "num_statements": 37, "percent_covered": 95.91836734693878, "percent_covered_display": "96", "missing_lines": 1, "excluded_lines": 0, "percent_statements_covered": 97.29729729729729, "percent_statements_covered_display": "97", "num_branches": 12, "num_partial_branches": 1, "covered_branches": 11, "missing_branches": 1, "percent_branches_covered": 91.66666666666667, "percent_branches_covered_display": "92"}, "missing_lines": [122], "excluded_lines": [], "executed_branches": [[95, 96], [95, 108], [96, 97], [96, 99], [118, 119], [118, 126], [121, 123], [127, 128], [127, 132], [138, 139], [138, 141]], "missing_branches": [[121, 122]]}, "": {"executed_lines": [2, 12, 13, 14, 15, 16, 17, 19, 22, 30, 46, 78, 145], "summary": {"covered_lines": 11, "num_statements": 11, "percent_covered": 100.0, "percent_covered_display": "100", "missing_lines": 0, "excluded_lines": 3, "percent_statements_covered": 100.0, "percent_statements_covered_display": "100", "num_branches": 0, "num_partial_branches": 0, "covered_branches": 0, "missing_branches": 0, "percent_branches_covered": 100.0, "percent_branches_covered_display": "100"}, "missing_lines": [], "excluded_lines": [145, 146, 148], "executed_branches": [], "missing_branches": []}}, "classes": {"": {"executed_lines": [2, 12, 13, 14, 15, 16, 17, 19, 22, 24, 25, 26, 27, 30, 32, 33, 34, 35, 36, 39, 40, 41, 43, 46, 53, 55, 56, 57, 59, 60, 61, 62, 63, 65, 66, 67, 68, 69, 70, 73, 74, 75, 78, 79, 80, 81, 84, 85, 88, 90, 92, 95, 96, 97, 99, 100, 102, 103, 104, 105, 106, 108, 111, 118, 119, 120, 121, 123, 126, 127, 128, 129, 132, 134, 138, 139, 140, 141, 142, 145], "summary": {"covered_lines": 78, "num_statements": 79, "percent_covered": 98.1981981981982, "percent_covered_display": "98", "missing_lines": 1, "excluded_lines": 3, "percent_statements_covered": 98.73417721518987, "percent_statements_covered_display": "99", "num_branches": 32, "num_partial_branches": 1, "covered_branches": 31, "missing_branches": 1, "percent_branches_covered": 96.875, "percent_branches_covered_display": "97"}, "missing_lines": [122], "excluded_lines": [145, 146, 148], "executed_branches": [[25, 26], [25, 27], [39, 40], [39, 43], [40, 39], [40, 41], [55, 56], [55, 65], [57, 55], [57, 59], [59, 60], [59, 61], [61, 62], [61, 63], [65, 66], [65, 67], [67, 68], [67, 75], [69, 70], [69, 73], [95, 96], [95, 108], [96, 97], [96, 99], [118, 119], [118, 126], [121, 123], [127, 128], [127, 132], [138, 139], [138, 141]], "missing_branches": [[121, 122]]}}}, "scripts/install_from_gist.py": {"executed_lines": [2, 12, 13, 14, 15, 17, 18, 21, 23, 24, 27, 29, 30, 31, 32, 35, 38, 39, 41, 42, 43, 44, 45, 46, 47, 48, 49, 51, 52, 53, 55, 58, 59, 60, 61, 62, 63, 64, 65, 66, 67, 68, 69, 71, 74, 75, 76, 77, 79, 81, 83, 84, 85, 87, 90, 91, 92, 93, 95, 96, 97, 99, 100, 101, 104, 105, 107, 110, 113, 115, 116, 118, 119, 120, 121, 127], "summary": {"covered_lines": 74, "num_statements": 77, "percent_covered": 96.7741935483871, "percent_covered_display": "97", "missing_lines": 3, "excluded_lines": 3, "percent_statements_covered": 96.1038961038961, "percent_statements_covered_display": "96", "num_branches": 16, "num_partial_branches": 0, "covered_branches": 16, "missing_branches": 0, "percent_branches_covered": 100.0, "percent_branches_covered_display": "100"}, "missing_lines": [122, 123, 124], "excluded_lines": [127, 128, 130], "executed_branches": [[41, 42], [41, 51], [58, 59], [58, 61], [61, 62], [61, 64], [64, 65], [64, 67], [67, 68], [67, 71], [91, 92], [91, 95], [99, 100], [99, 104], [104, 105], [104, 107]], "missing_branches": [], "functions": {"get_gist_id_from_url": {"executed_lines": [23, 24], "summary": {"covered_lines": 2, "num_statements": 2, "percent_covered": 100.0, "percent_covered_display": "100", "missing_lines": 0, "excluded_lines": 0, "percent_statements_covered": 100.0, "percent_statements_covered_display": "100", "num_branches": 0, "num_partial_branches": 0, "covered_branches": 0, "missing_branches": 0, "percent_branches_covered": 100.0, "percent_branches_covered_display": "100"}, "missing_lines": [], "excluded_lines": [], "executed_branches": [], "missing_branches": []}, "fetch_gist": {"executed_lines": [29, 30, 31, 32], "summary": {"covered_lines": 4, "num_statements": 4, "percent_covered": 100.0, "percent_covered_display": "100", "missing_lines": 0, "excluded_lines": 0, "percent_statements_covered": 100.0, "percent_statements_covered_display": "100", "num_branches": 0, "num_partial_branches": 0, "covered_branches": 0, "missing_branches": 0, "percent_branches_covered": 100.0, "percent_branches_covered_display": "100"}, "missing_lines": [], "excluded_lines": [], "executed_branches": [], "missing_branches": []}, "determine_target_path": {"executed_lines": [38, 39, 41, 42, 43, 44, 45, 46, 47, 48, 49, 51, 52, 53, 55, 58, 59, 60, 61, 62, 63, 64, 65, 66, 67, 68, 69, 71], "summary": {"covered_lines": 28, "num_statements": 28, "percent_covered": 100.0, "percent_covered_display": "100", "missing_lines": 0, "excluded_lines": 0, "percent_statements_covered": 100.0, "percent_statements_covered_display": "100", "num_branches": 10, "num_partial_branches": 0, "covered_branches": 10, "missing_branches": 0, "percent_branches_covered": 100.0, "percent_branches_covered_display": "100"}, "missing_lines": [], "excluded_lines": [], "executed_branches": [[41, 42], [41, 51], [58, 59], [58, 61], [61, 62], [61, 64], [64, 65], [64, 67], [67, 68], [67, 71]], "missing_branches": []}, "main": {"executed_lines": [75, 76, 77, 79, 81, 83, 84, 85, 87, 90, 91, 92, 93, 95, 96, 97, 99, 100, 101, 104, 105, 107, 110, 113, 115, 116, 118, 119, 120, 121], "summary": {"covered_lines": 30, "num_statements": 33, "percent_covered": 92.3076923076923, "percent_covered_display": "92", "missing_lines": 3, "excluded_lines": 0, "percent_statements_covered": 90.9090909090909, "percent_statements_covered_display": "91", "num_branches": 6, "num_partial_branches": 0, "covered_branches": 6, "missing_branches": 0, "percent_branches_covered": 100.0, "percent_branches_covered_display": "100"}, "missing_lines": [122, 123, 124], "excluded_lines": [], "executed_branches": [[91, 92], [91, 95], [99, 100], [99, 104], [104, 105], [104, 107]], "missing_branches": []}, "": {"executed_lines": [2, 12, 13, 14, 15, 17, 18, 21, 27, 35, 74, 127], "summary": {"covered_lines": 10, "num_statements": 10, "percent_covered": 100.0, "percent_covered_display": "100", "missing_lines": 0, "excluded_lines": 3, "percent_statements_covered": 100.0, "percent_statements_covered_display": "100", "num_branches": 0, "num_partial_branches": 0, "covered_branches": 0, "missing_branches": 0, "percent_branches_covered": 100.0, "percent_branches_covered_display": "100"}, "missing_lines": [], "excluded_lines": [127, 128, 130], "executed_branches": [], "missing_branches": []}}, "classes": {"": {"executed_lines": [2, 12, 13, 14, 15, 17, 18, 21, 23, 24, 27, 29, 30, 31, 32, 35, 38, 39, 41, 42, 43, 44, 45, 46, 47, 48, 49, 51, 52, 53, 55, 58, 59, 60, 61, 62, 63, 64, 65, 66, 67, 68, 69, 71, 74, 75, 76, 77, 79, 81, 83, 84, 85, 87, 90, 91, 92, 93, 95, 96, 97, 99, 100, 101, 104, 105, 107, 110, 113, 115, 116, 118, 119, 120, 121, 127], "summary": {"covered_lines": 74, "num_statements": 77, "percent_covered": 96.7741935483871, "percent_covered_display": "97", "missing_lines": 3, "excluded_lines": 3, "percent_statements_covered": 96.1038961038961, "percent_statements_covered_display": "96", "num_branches": 16, "num_partial_branches": 0, "covered_branches": 16, "missing_branches": 0, "percent_branches_covered": 100.0, "percent_branches_covered_display": "100"}, "missing_lines": [122, 123, 124], "excluded_lines": [127, 128, 130], "executed_branches": [[41, 42], [41, 51], [58, 59], [58, 61], [61, 62], [61, 64], [64, 65], [64, 67], [67, 68], [67, 71], [91, 92], [91, 95], [99, 100], [99, 104], [104, 105], [104, 107]], "missing_branches": []}}}, "scripts/list_components.py": {"executed_lines": [2, 10, 11, 12, 13, 15, 18, 20, 21, 22, 23, 26, 28, 29, 30, 31, 32, 35, 36, 37, 42, 49, 51, 53, 54, 57, 58, 61, 62, 63, 64, 65, 67, 72, 74, 76, 79, 81, 82, 83, 85, 87, 88, 89, 90, 91, 92, 94, 95, 96, 97, 98, 99, 100, 102, 103, 104, 105, 106, 107, 108, 110, 113, 114, 115, 118, 119, 120, 123, 124, 126, 128, 131, 132, 133, 136, 137, 139, 140, 141, 142, 143, 145, 148, 156, 158, 161], "summary": {"covered_lines": 85, "num_statements": 86, "percent_covered": 95.08196721311475, "percent_covered_display": "95", "missing_lines": 1, "excluded_lines": 3, "percent_statements_covered": 98.83720930232558, "percent_statements_covered_display": "99", "num_branches": 36, "num_partial_branches": 5, "covered_branches": 31, "missing_branches": 5, "percent_branches_covered": 86.11111111111111, "percent_branches_covered_display": "86"}, "missing_lines": [39], "excluded_lines": [161, 162, 164], "executed_branches": [[21, 22], [21, 23], [35, 36], [36, 37], [51, 53], [51, 76], [53, 54], [53, 57], [57, 58], [57, 61], [61, 62], [61, 74], [67, 72], [67, 74], [81, 82], [81, 85], [87, -79], [87, 88], [95, 96], [95, 97], [97, 98], [99, 100], [99, 102], [102, 103], [102, 110], [104, 105], [107, 108], [131, 132], [131, 145], [132, 133], [132, 136]], "missing_branches": [[35, 39], [36, 35], [97, 99], [104, 106], [107, 110]], "functions": {"load_local_registry": {"executed_lines": [20, 21, 22, 23], "summary": {"covered_lines": 4, "num_statements": 4, "percent_covered": 100.0, "percent_covered_display": "100", "missing_lines": 0, "excluded_lines": 0, "percent_statements_covered": 100.0, "percent_statements_covered_display": "100", "num_branches": 2, "num_partial_branches": 0, "covered_branches": 2, "missing_branches": 0, "percent_branches_covered": 100.0, "percent_branches_covered_display": "100"}, "missing_lines": [], "excluded_lines": [], "executed_branches": [[21, 22], [21, 23]], "missing_branches": []}, "load_remote_registry": {"executed_lines": [28, 29, 30, 31, 32, 35, 36, 37], "summary": {"covered_lines": 8, "num_statements": 9, "percent_covered": 76.92307692307692, "percent_covered_display": "77", "missing_lines": 1, "excluded_lines": 0, "percent_statements_covered": 88.88888888888889, "percent_statements_covered_display": "89", "num_branches": 4, "num_partial_branches": 2, "covered_branches": 2, "missing_branches": 2, "percent_branches_covered": 50.0, "percent_branches_covered_display": "50"}, "missing_lines": [39], "excluded_lines": [], "executed_branches": [[35, 36], [36, 37]], "missing_branches": [[35, 39], [36, 35]]}, "filter_components": {"executed_lines": [49, 51, 53, 54, 57, 58, 61, 62, 63, 64, 65, 67, 72, 74, 76], "summary": {"covered_lines": 15, "num_statements": 15, "percent_covered": 100.0, "percent_covered_display": "100", "missing_lines": 0, "excluded_lines": 0, "percent_statements_covered": 100.0, "percent_statements_covered_display": "100", "num_branches": 10, "num_partial_branches": 0, "covered_branches": 10, "missing_branches": 0, "percent_branches_covered": 100.0, "percent_branches_covered_display": "100"}, "missing_lines": [], "excluded_lines": [], "executed_branches": [[51, 53], [51, 76], [53, 54], [53, 57], [57, 58], [57, 61], [61, 62], [61, 74], [67, 72], [67, 74]], "missing_branches": []}, "print_components": {"executed_lines": [81, 82, 83, 85, 87, 88, 89, 90, 91, 92, 94, 95, 96, 97, 98, 99, 100, 102, 103, 104, 105, 106, 107, 108, 110], "summary": {"covered_lines": 25, "num_statements": 25, "percent_covered": 92.6829268292683, "percent_covered_display": "93", "missing_lines": 0, "excluded_lines": 0, "percent_statements_covered": 100.0, "percent_statements_covered_display": "100", "num_branches": 16, "num_partial_branches": 3, "covered_branches": 13, "missing_branches": 3, "percent_branches_covered": 81.25, "percent_branches_covered_display": "81"}, "missing_lines": [], "excluded_lines": [], "executed_branches": [[81, 82], [81, 85], [87, -79], [87, 88], [95, 96], [95, 97], [97, 98], [99, 100], [99, 102], [102, 103], [102, 110], [104, 105], [107, 108]], "missing_branches": [[97, 99], [104, 106], [107, 110]]}, "main": {"executed_lines": [114, 115, 118, 119, 120, 123, 124, 126, 128, 131, 132, 133, 136, 137, 139, 140, 141, 142, 143, 145, 148, 156, 158], "summary": {"covered_lines": 23, "num_statements": 23, "percent_covered": 100.0, "percent_covered_display": "100", "missing_lines": 0, "excluded_lines": 0, "percent_statements_covered": 100.0, "percent_statements_covered_display": "100", "num_branches": 4, "num_partial_branches": 0, "covered_branches": 4, "missing_branches": 0, "percent_branches_covered": 100.0, "percent_branches_covered_display": "100"}, "missing_lines": [], "excluded_lines": [], "executed_branches": [[131, 132], [131, 145], [132, 133], [132, 136]], "missing_branches": []}, "": {"executed_lines": [2, 10, 11, 12, 13, 15, 18, 26, 42, 79, 113, 161], "summary": {"covered_lines": 10, "num_statements": 10, "percent_covered": 100.0, "percent_covered_display": "100", "missing_lines": 0, "excluded_lines": 3, "percent_statements_covered": 100.0, "percent_statements_covered_display": "100", "num_branches": 0, "num_partial_branches": 0, "covered_branches": 0, "missing_branches": 0, "percent_branches_covered": 100.0, "percent_branches_covered_display": "100"}, "missing_lines": [], "excluded_lines": [161, 162, 164], "executed_branches": [], "missing_branches": []}}, "classes": {"": {"executed_lines": [2, 10, 11, 12, 13, 15, 18, 20, 21, 22, 23, 26, 28, 29, 30, 31, 32, 35, 36, 37, 42, 49, 51, 53, 54, 57, 58, 61, 62, 63, 64, 65, 67, 72, 74, 76, 79, 81, 82, 83, 85, 87, 88, 89, 90, 91, 92, 94, 95, 96, 97, 98, 99, 100, 102, 103, 104, 105, 106, 107, 108, 110, 113, 114, 115, 118, 119, 120, 123, 124, 126, 128, 131, 132, 133, 136, 137, 139, 140, 141, 142, 143, 145, 148, 156, 158, 161], "summary": {"covered_lines": 85, "num_statements": 86, "percent_covered": 95.08196721311475, "percent_covered_display": "95", "missing_lines": 1, "excluded_lines": 3, "percent_statements_covered": 98.83720930232558, "percent_statements_covered_display": "99", "num_branches": 36, "num_partial_branches": 5, "covered_branches": 31, "missing_branches": 5, "percent_branches_covered": 86.11111111111111, "percent_branches_covered_display": "86"}, "missing_lines": [39], "excluded_lines": [161, 162, 164], "executed_branches": [[21, 22], [21, 23], [35, 36], [36, 37], [51, 53], [51, 76], [53, 54], [53, 57], [57, 58], [57, 61], [61, 62], [61, 74], [67, 72], [67, 74], [81, 82], [81, 85], [87, -79], [87, 88], [95, 96], [95, 97], [97, 98], [99, 100], [99, 102], [102, 103], [102, 110], [104, 105], [107, 108], [131, 132], [131, 145], [132, 133], [132, 136]], "missing_branches": [[35, 39], [36, 35], [97, 99], [104, 106], [107, 110]]}}}, "scripts/publish_registry.py": {"executed_lines": [2, 14, 15, 16, 17, 18, 19, 21, 25, 28, 34, 43, 44, 45, 47, 48, 51, 52, 54, 57, 60, 61, 62, 63, 64, 67, 84, 99, 160], "summary": {"covered_lines": 27, "num_statements": 79, "percent_covered": 35.483870967741936, "percent_covered_display": "35", "missing_lines": 52, "excluded_lines": 3, "percent_statements_covered": 34.177215189873415, "percent_statements_covered_display": "34", "num_branches": 14, "num_partial_branches": 0, "covered_branches": 6, "missing_branches": 8, "percent_branches_covered": 42.857142857142854, "percent_branches_covered_display": "43"}, "missing_lines": [71, 73, 74, 76, 78, 79, 81, 86, 88, 89, 91, 93, 94, 96, 101, 102, 103, 105, 107, 108, 110, 111, 114, 116, 117, 119, 120, 121, 122, 123, 125, 127, 128, 129, 130, 132, 133, 137, 138, 141, 142, 143, 145, 146, 147, 151, 152, 153, 154, 155, 156, 157], "excluded_lines": [160, 161, 163], "executed_branches": [[44, 45], [44, 47], [51, 52], [51, 54], [61, 62], [61, 64]], "missing_branches": [[110, 111], [110, 116], [120, 121], [120, 127], [122, 123], [122, 125], [128, 129], [128, 132]], "functions": {"get_github_token": {"executed_lines": [43, 44, 45, 47, 48, 51, 52, 54], "summary": {"covered_lines": 8, "num_statements": 8, "percent_covered": 100.0, "percent_covered_display": "100", "missing_lines": 0, "excluded_lines": 0, "percent_statements_covered": 100.0, "percent_statements_covered_display": "100", "num_branches": 4, "num_partial_branches": 0, "covered_branches": 4, "missing_branches": 0, "percent_branches_covered": 100.0, "percent_branches_covered_display": "100"}, "missing_lines": [], "excluded_lines": [], "executed_branches": [[44, 45], [44, 47], [51, 52], [51, 54]], "missing_branches": []}, "get_existing_gist_id": {"executed_lines": [60, 61, 62, 63, 64], "summary": {"covered_lines": 5, "num_statements": 5, "percent_covered": 100.0, "percent_covered_display": "100", "missing_lines": 0, "excluded_lines": 0, "percent_statements_covered": 100.0, "percent_statements_covered_display": "100", "num_branches": 2, "num_partial_branches": 0, "covered_branches": 2, "missing_branches": 0, "percent_branches_covered": 100.0, "percent_branches_covered_display": "100"}, "missing_lines": [], "excluded_lines": [], "executed_branches": [[61, 62], [61, 64]], "missing_branches": []}, "create_gist": {"executed_lines": [], "summary": {"covered_lines": 0, "num_statements": 7, "percent_covered": 0.0, "percent_covered_display": "0", "missing_lines": 7, "excluded_lines": 0, "percent_statements_covered": 0.0, "percent_statements_covered_display": "0", "num_branches": 0, "num_partial_branches": 0, "covered_branches": 0, "missing_branches": 0, "percent_branches_covered": 100.0, "percent_branches_covered_display": "100"}, "missing_lines": [71, 73, 74, 76, 78, 79, 81], "excluded_lines": [], "executed_branches": [], "missing_branches": []}, "update_gist": {"executed_lines": [], "summary": {"covered_lines": 0, "num_statements": 7, "percent_covered": 0.0, "percent_covered_display": "0", "missing_lines": 7, "excluded_lines": 0, "percent_statements_covered": 0.0, "percent_statements_covered_display": "0", "num_branches": 0, "num_partial_branches": 0, "covered_branches": 0, "missing_branches": 0, "percent_branches_covered": 100.0, "percent_branches_covered_display": "100"}, "missing_lines": [86, 88, 89, 91, 93, 94, 96], "excluded_lines": [], "executed_branches": [], "missing_branches": []}, "main": {"executed_lines": [], "summary": {"covered_lines": 0, "num_statements": 38, "percent_covered": 0.0, "percent_covered_display": "0", "missing_lines": 38, "excluded_lines": 0, "percent_statements_covered": 0.0, "percent_statements_covered_display": "0", "num_branches": 8, "num_partial_branches": 0, "covered_branches": 0, "missing_branches": 8, "percent_branches_covered": 0.0, "percent_branches_covered_display": "0"}, "missing_lines": [101, 102, 103, 105, 107, 108, 110, 111, 114, 116, 117, 119, 120, 121, 122, 123, 125, 127, 128, 129, 130, 132, 133, 137, 138, 141, 142, 143, 145, 146, 147, 151, 152, 153, 154, 155, 156, 157], "excluded_lines": [], "executed_branches": [], "missing_branches": [[110, 111], [110, 116], [120, 121], [120, 127], [122, 123], [122, 125], [128, 129], [128, 132]]}, "": {"executed_lines": [2, 14, 15, 16, 17, 18, 19, 21, 25, 28, 34, 57, 67, 84, 99, 160], "summary": {"covered_lines": 14, "num_statements": 14, "percent_covered": 100.0, "percent_covered_display": "100", "missing_lines": 0, "excluded_lines": 3, "percent_statements_covered": 100.0, "percent_statements_covered_display": "100", "num_branches": 0, "num_partial_branches": 0, "covered_branches": 0, "missing_branches": 0, "percent_branches_covered": 100.0, "percent_branches_covered_display": "100"}, "missing_lines": [], "excluded_lines": [160, 161, 163], "executed_branches": [], "missing_branches": []}}, "classes": {"": {"executed_lines": [2, 14, 15, 16, 17, 18, 19, 21, 25, 28, 34, 43, 44, 45, 47, 48, 51, 52, 54, 57, 60, 61, 62, 63, 64, 67, 84, 99, 160], "summary": {"covered_lines": 27, "num_statements": 79, "percent_covered": 35.483870967741936, "percent_covered_display": "35", "missing_lines": 52, "excluded_lines": 3, "percent_statements_covered": 34.177215189873415, "percent_statements_covered_display": "34", "num_branches": 14, "num_partial_branches": 0, "covered_branches": 6, "missing_branches": 8, "percent_branches_covered": 42.857142857142854, "percent_branches_covered_display": "43"}, "missing_lines": [71, 73, 74, 76, 78, 79, 81, 86, 88, 89, 91, 93, 94, 96, 101, 102, 103, 105, 107, 108, 110, 111, 114, 116, 117, 119, 120, 121, 122, 123, 125, 127, 128, 129, 130, 132, 133, 137, 138, 141, 142, 143, 145, 146, 147, 151, 152, 153, 154, 155, 156, 157], "excluded_lines": [160, 161, 163], "executed_branches": [[44, 45], [44, 47], [51, 52], [51, 54], [61, 62], [61, 64]], "missing_branches": [[110, 111], [110, 116], [120, 121], [120, 127], [122, 123], [122, 125], [128, 129], [128, 132]]}}}, "scripts/publish_to_gist.py": {"executed_lines": [2, 14, 15, 16, 17, 18, 19, 20, 21, 22, 23, 25, 26, 30, 33, 38, 55, 72, 87, 92, 93, 96, 173, 242], "summary": {"covered_lines": 22, "num_statements": 118, "percent_covered": 15.277777777777779, "percent_covered_display": "15", "missing_lines": 96, "excluded_lines": 2, "percent_statements_covered": 18.64406779661017, "percent_statements_covered_display": "19", "num_branches": 26, "num_partial_branches": 0, "covered_branches": 0, "missing_branches": 26, "percent_branches_covered": 0.0, "percent_branches_covered_display": "0"}, "missing_lines": [40, 41, 42, 45, 46, 49, 50, 52, 59, 61, 62, 64, 66, 67, 69, 74, 76, 77, 79, 81, 82, 84, 100, 103, 104, 106, 113, 114, 115, 116, 117, 118, 121, 122, 124, 125, 126, 128, 129, 130, 131, 132, 133, 134, 135, 136, 137, 138, 139, 142, 143, 156, 157, 166, 169, 170, 175, 176, 177, 178, 180, 182, 183, 185, 186, 187, 189, 190, 191, 194, 195, 197, 198, 199, 200, 201, 202, 203, 205, 206, 207, 208, 210, 211, 213, 214, 215, 218, 231, 233, 234, 235, 236, 237, 238, 239], "excluded_lines": [242, 243], "executed_branches": [], "missing_branches": [[41, 42], [41, 45], [49, 50], [49, 52], [103, 104], [103, 106], [116, 117], [116, 121], [128, 129], [128, 131], [131, 132], [131, 134], [134, 135], [134, 137], [137, 138], [137, 142], [156, 157], [156, 166], [185, 186], [185, 189], [197, 198], [197, 205], [201, 202], [201, 205], [206, 207], [206, 210]], "functions": {"get_github_token": {"executed_lines": [], "summary": {"covered_lines": 0, "num_statements": 8, "percent_covered": 0.0, "percent_covered_display": "0", "missing_lines": 8, "excluded_lines": 0, "percent_statements_covered": 0.0, "percent_statements_covered_display": "0", "num_branches": 4, "num_partial_branches": 0, "covered_branches": 0, "missing_branches": 4, "percent_branches_covered": 0.0, "percent_branches_covered_display": "0"}, "missing_lines": [40, 41, 42, 45, 46, 49, 50, 52], "excluded_lines": [], "executed_branches": [], "missing_branches": [[41, 42], [41, 45], [49, 50], [49, 52]]}, "create_gist": {"executed_lines": [], "summary": {"covered_lines": 0, "num_statements": 7, "percent_covered": 0.0, "percent_covered_display": "0", "missing_lines": 7, "excluded_lines": 0, "percent_statements_covered": 0.0, "percent_statements_covered_display": "0", "num_branches": 0, "num_partial_branches": 0, "covered_branches": 0, "missing_branches": 0, "percent_branches_covered": 100.0, "percent_branches_covered_display": "100"}, "missing_lines": [59, 61, 62, 64, 66, 67, 69], "excluded_lines": [], "executed_branches": [], "missing_branches": []}, "update_gist": {"executed_lines": [], "summary": {"covered_lines": 0, "num_statements": 7, "percent_covered": 0.0, "percent_covered_display": "0", "missing_lines": 7, "excluded_lines": 0, "percent_statements_covered": 0.0, "percent_statements_covered_display": "0", "num_branches": 0, "num_partial_branches": 0, "covered_branches": 0, "missing_branches": 0, "percent_branches_covered": 100.0, "percent_branches_covered_display": "100"}, "missing_lines": [74, 76, 77, 79, 81, 82, 84], "excluded_lines": [], "executed_branches": [], "missing_branches": []}, "get_gist_id_from_url": {"executed_lines": [92, 93], "summary": {"covered_lines": 2, "num_statements": 2, "percent_covered": 100.0, "percent_covered_display": "100", "missing_lines": 0, "excluded_lines": 0, "percent_statements_covered": 100.0, "percent_statements_covered_display": "100", "num_branches": 0, "num_partial_branches": 0, "covered_branches": 0, "missing_branches": 0, "percent_branches_covered": 100.0, "percent_branches_covered_display": "100"}, "missing_lines": [], "excluded_lines": [], "executed_branches": [], "missing_branches": []}, "update_registry": {"executed_lines": [], "summary": {"covered_lines": 0, "num_statements": 34, "percent_covered": 0.0, "percent_covered_display": "0", "missing_lines": 34, "excluded_lines": 0, "percent_statements_covered": 0.0, "percent_statements_covered_display": "0", "num_branches": 14, "num_partial_branches": 0, "covered_branches": 0, "missing_branches": 14, "percent_branches_covered": 0.0, "percent_branches_covered_display": "0"}, "missing_lines": [100, 103, 104, 106, 113, 114, 115, 116, 117, 118, 121, 122, 124, 125, 126, 128, 129, 130, 131, 132, 133, 134, 135, 136, 137, 138, 139, 142, 143, 156, 157, 166, 169, 170], "excluded_lines": [], "executed_branches": [], "missing_branches": [[103, 104], [103, 106], [116, 117], [116, 121], [128, 129], [128, 131], [131, 132], [131, 134], [134, 135], [134, 137], [137, 138], [137, 142], [156, 157], [156, 166]]}, "main": {"executed_lines": [], "summary": {"covered_lines": 0, "num_statements": 40, "percent_covered": 0.0, "percent_covered_display": "0", "missing_lines": 40, "excluded_lines": 0, "percent_statements_covered": 0.0, "percent_statements_covered_display": "0", "num_branches": 8, "num_partial_branches": 0, "covered_branches": 0, "missing_branches": 8, "percent_branches_covered": 0.0, "percent_branches_covered_display": "0"}, "missing_lines": [175, 176, 177, 178, 180, 182, 183, 185, 186, 187, 189, 190, 191, 194, 195, 197, 198, 199, 200, 201, 202, 203, 205, 206, 207, 208, 210, 211, 213, 214, 215, 218, 231, 233, 234, 235, 236, 237, 238, 239], "excluded_lines": [], "executed_branches": [], "missing_branches": [[185, 186], [185, 189], [197, 198], [197, 205], [201, 202], [201, 205], [206, 207], [206, 210]]}, "": {"executed_lines": [2, 14, 15, 16, 17, 18, 19, 20, 21, 22, 23, 25, 26, 30, 33, 38, 55, 72, 87, 96, 173, 242], "summary": {"covered_lines": 20, "num_statements": 20, "percent_covered": 100.0, "percent_covered_display": "100", "missing_lines": 0, "excluded_lines": 2, "percent_statements_covered": 100.0, "percent_statements_covered_display": "100", "num_branches": 0, "num_partial_branches": 0, "covered_branches": 0, "missing_branches": 0, "percent_branches_covered": 100.0, "percent_branches_covered_display": "100"}, "missing_lines": [], "excluded_lines": [242, 243], "executed_branches": [], "missing_branches": []}}, "classes": {"": {"executed_lines": [2, 14, 15, 16, 17, 18, 19, 20, 21, 22, 23, 25, 26, 30, 33, 38, 55, 72, 87, 92, 93, 96, 173, 242], "summary": {"covered_lines": 22, "num_statements": 118, "percent_covered": 15.277777777777779, "percent_covered_display": "15", "missing_lines": 96, "excluded_lines": 2, "percent_statements_covered": 18.64406779661017, "percent_statements_covered_display": "19", "num_branches": 26, "num_partial_branches": 0, "covered_branches": 0, "missing_branches": 26, "percent_branches_covered": 0.0, "percent_branches_covered_display": "0"}, "missing_lines": [40, 41, 42, 45, 46, 49, 50, 52, 59, 61, 62, 64, 66, 67, 69, 74, 76, 77, 79, 81, 82, 84, 100, 103, 104, 106, 113, 114, 115, 116, 117, 118, 121, 122, 124, 125, 126, 128, 129, 130, 131, 132, 133, 134, 135, 136, 137, 138, 139, 142, 143, 156, 157, 166, 169, 170, 175, 176, 177, 178, 180, 182, 183, 185, 186, 187, 189, 190, 191, 194, 195, 197, 198, 199, 200, 201, 202, 203, 205, 206, 207, 208, 210, 211, 213, 214, 215, 218, 231, 233, 234, 235, 236, 237, 238, 239], "excluded_lines": [242, 243], "executed_branches": [], "missing_branches": [[41, 42], [41, 45], [49, 50], [49, 52], [103, 104], [103, 106], [116, 117], [116, 121], [128, 129], [128, 131], [131, 132], [131, 134], [134, 135], [134, 137], [137, 138], [137, 142], [156, 157], [156, 166], [185, 186], [185, 189], [197, 198], [197, 205], [201, 202], [201, 205], [206, 207], [206, 210]]}}}, "scripts/python_to_markdown.py": {"executed_lines": [2, 9, 10, 11, 14, 17, 20, 23, 26, 28, 30, 31, 32, 35, 38, 41, 44, 47, 49, 52, 54, 55, 56, 58, 59, 61, 64], "summary": {"covered_lines": 25, "num_statements": 25, "percent_covered": 100.0, "percent_covered_display": "100", "missing_lines": 0, "excluded_lines": 2, "percent_statements_covered": 100.0, "percent_statements_covered_display": "100", "num_branches": 4, "num_partial_branches": 0, "covered_branches": 4, "missing_branches": 0, "percent_branches_covered": 100.0, "percent_branches_covered_display": "100"}, "missing_lines": [], "excluded_lines": [64, 65], "executed_branches": [[30, 31], [30, 35], [54, 55], [54, 58]], "missing_branches": [], "functions": {"filename_to_title": {"executed_lines": [17, 20, 23], "summary": {"covered_lines": 3, "num_statements": 3, "percent_covered": 100.0, "percent_covered_display": "100", "missing_lines": 0, "excluded_lines": 0, "percent_statements_covered": 100.0, "percent_statements_covered_display": "100", "num_branches": 0, "num_partial_branches": 0, "covered_branches": 0, "missing_branches": 0, "percent_branches_covered": 100.0, "percent_branches_covered_display": "100"}, "missing_lines": [], "excluded_lines": [], "executed_branches": [], "missing_branches": []}, "python_to_markdown": {"executed_lines": [28, 30, 31, 32, 35, 38, 41, 44, 47, 49], "summary": {"covered_lines": 10, "num_statements": 10, "percent_covered": 100.0, "percent_covered_display": "100", "missing_lines": 0, "excluded_lines": 0, "percent_statements_covered": 100.0, "percent_statements_covered_display": "100", "num_branches": 2, "num_partial_branches": 0, "covered_branches": 2, "missing_branches": 0, "percent_branches_covered": 100.0, "percent_branches_covered_display": "100"}, "missing_lines": [], "excluded_lines": [], "executed_branches": [[30, 31], [30, 35]], "missing_branches": []}, "main": {"executed_lines": [54, 55, 56, 58, 59, 61], "summary": {"covered_lines": 6, "num_statements": 6, "percent_covered": 100.0, "percent_covered_display": "100", "missing_lines": 0, "excluded_lines": 0, "percent_statements_covered": 100.0, "percent_statements_covered_display": "100", "num_branches": 2, "num_partial_branches": 0, "covered_branches": 2, "missing_branches": 0, "percent_branches_covered": 100.0, "percent_branches_covered_display": "100"}, "missing_lines": [], "excluded_lines": [], "executed_branches": [[54, 55], [54, 58]], "missing_branches": []}, "": {"executed_lines": [2, 9, 10, 11, 14, 26, 52, 64], "summary": {"covered_lines": 6, "num_statements": 6, "percent_covered": 100.0, "percent_covered_display": "100", "missing_lines": 0, "excluded_lines": 2, "percent_statements_covered": 100.0, "percent_statements_covered_display": "100", "num_branches": 0, "num_partial_branches": 0, "covered_branches": 0, "missing_branches": 0, "percent_branches_covered": 100.0, "percent_branches_covered_display": "100"}, "missing_lines": [], "excluded_lines": [64, 65], "executed_branches": [], "missing_branches": []}}, "classes": {"": {"executed_lines": [2, 9, 10, 11, 14, 17, 20, 23, 26, 28, 30, 31, 32, 35, 38, 41, 44, 47, 49, 52, 54, 55, 56, 58, 59, 61, 64], "summary": {"covered_lines": 25, "num_statements": 25, "percent_covered": 100.0, "percent_covered_display": "100", "missing_lines": 0, "excluded_lines": 2, "percent_statements_covered": 100.0, "percent_statements_covered_display": "100", "num_branches": 4, "num_partial_branches": 0, "covered_branches": 4, "missing_branches": 0, "percent_branches_covered": 100.0, "percent_branches_covered_display": "100"}, "missing_lines": [], "excluded_lines": [64, 65], "executed_branches": [[30, 31], [30, 35], [54, 55], [54, 58]], "missing_branches": []}}}, "steve/helpers/__init__.py": {"executed_lines": [], "summary": {"covered_lines": 0, "num_statements": 0, "percent_covered": 100.0, "percent_covered_display": "100", "missing_lines": 0, "excluded_lines": 0, "percent_statements_covered": 100.0, "percent_statements_covered_display": "100", "num_branches": 0, "num_partial_branches": 0, "covered_branches": 0, "missing_branches": 0, "percent_branches_covered": 100.0, "percent_branches_covered_display": "100"}, "missing_lines": [], "excluded_lines": [], "executed_branches": [], "missing_branches": [], "functions": {"": {"executed_lines": [], "summary": {"covered_lines": 0, "num_statements": 0, "percent_covered": 100.0, "percent_covered_display": "100", "missing_lines": 0, "excluded_lines": 0, "percent_statements_covered": 100.0, "percent_statements_covered_display": "100", "num_branches": 0, "num_partial_branches": 0, "covered_branches": 0, "missing_branches": 0, "percent_branches_covered": 100.0, "percent_branches_covered_display": "100"}, "missing_lines": [], "excluded_lines": [], "executed_branches": [], "missing_branches": []}}, "classes": {"": {"executed_lines": [], "summary": {"covered_lines": 0, "num_statements": 0, "percent_covered": 100.0, "percent_covered_display": "100", "missing_lines": 0, "excluded_lines": 0, "percent_statements_covered": 100.0, "percent_statements_covered_display": "100", "num_branches": 0, "num_partial_branches": 0, "covered_branches": 0, "missing_branches": 0, "percent_branches_covered": 100.0, "percent_branches_covered_display": "100"}, "missing_lines": [], "excluded_lines": [], "executed_branches": [], "missing_branches": []}}}, "steve/helpers/agent_state_snapshot.py": {"executed_lines": [1, 12, 14, 15, 17, 20, 21, 24, 25, 28, 31, 32, 34, 35, 36, 37, 38, 40, 50, 51, 52, 54, 55, 56, 57, 59, 60, 64, 67, 68, 69, 70, 71, 72, 73, 74, 75, 77], "summary": {"covered_lines": 36, "num_statements": 43, "percent_covered": 83.72093023255815, "percent_covered_display": "84", "missing_lines": 7, "excluded_lines": 0, "percent_statements_covered": 83.72093023255815, "percent_statements_covered_display": "84", "num_branches": 0, "num_partial_branches": 0, "covered_branches": 0, "missing_branches": 0, "percent_branches_covered": 100.0, "percent_branches_covered_display": "100"}, "missing_lines": [42, 43, 44, 45, 46, 47, 48], "excluded_lines": [], "executed_branches": [], "missing_branches": [], "functions": {"AgentStateSnapshot.__post_init__": {"executed_lines": [], "summary": {"covered_lines": 0, "num_statements": 7, "percent_covered": 0.0, "percent_covered_display": "0", "missing_lines": 7, "excluded_lines": 0, "percent_statements_covered": 0.0, "percent_statements_covered_display": "0", "num_branches": 0, "num_partial_branches": 0, "covered_branches": 0, "missing_branches": 0, "percent_branches_covered": 100.0, "percent_branches_covered_display": "100"}, "missing_lines": [42, 43, 44, 45, 46, 47, 48], "excluded_lines": [], "executed_branches": [], "missing_branches": []}, "AgentStateSnapshot._sha256_text": {"executed_lines": [52], "summary": {"covered_lines": 1, "num_statements": 1, "percent_covered": 100.0, "percent_covered_display": "100", "missing_lines": 0, "excluded_lines": 0, "percent_statements_covered": 100.0, "percent_statements_covered_display": "100", "num_branches": 0, "num_partial_branches": 0, "covered_branches": 0, "missing_branches": 0, "percent_branches_covered": 100.0, "percent_branches_covered_display": "100"}, "missing_lines": [], "excluded_lines": [], "executed_branches": [], "missing_branches": []}, "AgentStateSnapshot._token_hash": {"executed_lines": [56, 57], "summary": {"covered_lines": 2, "num_statements": 2, "percent_covered": 100.0, "percent_covered_display": "100", "missing_lines": 0, "excluded_lines": 0, "percent_statements_covered": 100.0, "percent_statements_covered_display": "100", "num_branches": 0, "num_partial_branches": 0, "covered_branches": 0, "missing_branches": 0, "percent_branches_covered": 100.0, "percent_branches_covered_display": "100"}, "missing_lines": [], "excluded_lines": [], "executed_branches": [], "missing_branches": []}, "AgentStateSnapshot.extract_shell_snapshot_state": {"executed_lines": [64, 67, 68, 69, 70, 71, 72, 73, 74, 75, 77], "summary": {"covered_lines": 11, "num_statements": 11, "percent_covered": 100.0, "percent_covered_display": "100", "missing_lines": 0, "excluded_lines": 0, "percent_statements_covered": 100.0, "percent_statements_covered_display": "100", "num_branches": 0, "num_partial_branches": 0, "covered_branches": 0, "missing_branches": 0, "percent_branches_covered": 100.0, "percent_branches_covered_display": "100"}, "missing_lines": [], "excluded_lines": [], "executed_branches": [], "missing_branches": []}, "": {"executed_lines": [1, 12, 14, 15, 17, 20, 21, 24, 25, 28, 31, 32, 34, 35, 36, 37, 38, 40, 50, 51, 54, 55, 59, 60], "summary": {"covered_lines": 22, "num_statements": 22, "percent_covered": 100.0, "percent_covered_display": "100", "missing_lines": 0, "excluded_lines": 0, "percent_statements_covered": 100.0, "percent_statements_covered_display": "100", "num_branches": 0, "num_partial_branches": 0, "covered_branches": 0, "missing_branches": 0, "percent_branches_covered": 100.0, "percent_branches_covered_display": "100"}, "missing_lines": [], "excluded_lines": [], "executed_branches": [], "missing_branches": []}}, "classes": {"AgentStateSnapshot": {"executed_lines": [52, 56, 57, 64, 67, 68, 69, 70, 71, 72, 73, 74, 75, 77], "summary": {"covered_lines": 14, "num_statements": 21, "percent_covered": 66.66666666666667, "percent_covered_display": "67", "missing_lines": 7, "excluded_lines": 0, "percent_statements_covered": 66.66666666666667, "percent_statements_covered_display": "67", "num_branches": 0, "num_partial_branches": 0, "covered_branches": 0, "missing_branches": 0, "percent_branches_covered": 100.0, "percent_branches_covered_display": "100"}, "missing_lines": [42, 43, 44, 45, 46, 47, 48], "excluded_lines": [], "executed_branches": [], "missing_branches": []}, "": {"executed_lines": [1, 12, 14, 15, 17, 20, 21, 24, 25, 28, 31, 32, 34, 35, 36, 37, 38, 40, 50, 51, 54, 55, 59, 60], "summary": {"covered_lines": 22, "num_statements": 22, "percent_covered": 100.0, "percent_covered_display": "100", "missing_lines": 0, "excluded_lines": 0, "percent_statements_covered": 100.0, "percent_statements_covered_display": "100", "num_branches": 0, "num_partial_branches": 0, "covered_branches": 0, "missing_branches": 0, "percent_branches_covered": 100.0, "percent_branches_covered_display": "100"}, "missing_lines": [], "excluded_lines": [], "executed_branches": [], "missing_branches": []}}}, "steve/helpers/build_projects_dataset.py": {"executed_lines": [1, 14, 16, 17, 18, 19, 21, 22, 25, 27, 28, 29, 30, 31, 32, 33, 35, 36, 38, 39, 40, 41, 43, 45, 46, 47, 48, 51, 52, 53, 54, 55, 57, 58, 72, 73, 74, 77], "summary": {"covered_lines": 36, "num_statements": 36, "percent_covered": 100.0, "percent_covered_display": "100", "missing_lines": 0, "excluded_lines": 2, "percent_statements_covered": 100.0, "percent_statements_covered_display": "100", "num_branches": 6, "num_partial_branches": 0, "covered_branches": 6, "missing_branches": 0, "percent_branches_covered": 100.0, "percent_branches_covered_display": "100"}, "missing_lines": [], "excluded_lines": [77, 78], "executed_branches": [[40, 41], [40, 43], [48, 51], [48, 57], [54, 48], [54, 55]], "missing_branches": [], "functions": {"main": {"executed_lines": [27, 28, 29, 30, 31, 32, 33, 35, 36, 38, 39, 40, 41, 43, 45, 46, 47, 48, 51, 52, 53, 54, 55, 57, 58, 72, 73, 74], "summary": {"covered_lines": 28, "num_statements": 28, "percent_covered": 100.0, "percent_covered_display": "100", "missing_lines": 0, "excluded_lines": 0, "percent_statements_covered": 100.0, "percent_statements_covered_display": "100", "num_branches": 6, "num_partial_branches": 0, "covered_branches": 6, "missing_branches": 0, "percent_branches_covered": 100.0, "percent_branches_covered_display": "100"}, "missing_lines": [], "excluded_lines": [], "executed_branches": [[40, 41], [40, 43], [48, 51], [48, 57], [54, 48], [54, 55]], "missing_branches": []}, "": {"executed_lines": [1, 14, 16, 17, 18, 19, 21, 22, 25, 77], "summary": {"covered_lines": 8, "num_statements": 8, "percent_covered": 100.0, "percent_covered_display": "100", "missing_lines": 0, "excluded_lines": 2, "percent_statements_covered": 100.0, "percent_statements_covered_display": "100", "num_branches": 0, "num_partial_branches": 0, "covered_branches": 0, "missing_branches": 0, "percent_branches_covered": 100.0, "percent_branches_covered_display": "100"}, "missing_lines": [], "excluded_lines": [77, 78], "executed_branches": [], "missing_branches": []}}, "classes": {"": {"executed_lines": [1, 14, 16, 17, 18, 19, 21, 22, 25, 27, 28, 29, 30, 31, 32, 33, 35, 36, 38, 39, 40, 41, 43, 45, 46, 47, 48, 51, 52, 53, 54, 55, 57, 58, 72, 73, 74, 77], "summary": {"covered_lines": 36, "num_statements": 36, "percent_covered": 100.0, "percent_covered_display": "100", "missing_lines": 0, "excluded_lines": 2, "percent_statements_covered": 100.0, "percent_statements_covered_display": "100", "num_branches": 6, "num_partial_branches": 0, "covered_branches": 6, "missing_branches": 0, "percent_branches_covered": 100.0, "percent_branches_covered_display": "100"}, "missing_lines": [], "excluded_lines": [77, 78], "executed_branches": [[40, 41], [40, 43], [48, 51], [48, 57], [54, 48], [54, 55]], "missing_branches": []}}}, "steve/helpers/context_monitor.py": {"executed_lines": [2, 6, 7, 8, 9, 12, 14, 15, 17, 18, 19, 22, 24, 25, 26, 29, 30, 31, 33, 34, 35, 36, 39, 40, 41, 42, 49, 50, 53, 56, 57, 58, 65, 66, 67, 68, 77, 79, 80, 83, 85, 86, 88, 89, 92, 93, 94, 95, 96, 97, 98, 99, 100, 101, 102, 103, 105, 106, 109, 110, 111, 114, 115, 116, 117, 119, 120, 122, 125, 127, 128, 130, 131, 132, 133, 134, 135, 136, 137, 138, 139, 142, 144, 145, 147, 150, 151, 152, 153, 154, 155, 157, 159, 160, 163, 164, 165, 166, 167, 169, 171, 172, 174, 176, 179, 180, 181, 182, 184, 185, 186, 187, 189, 191, 192, 194, 197, 198, 200, 203, 204, 205, 206, 209, 212, 213, 214, 217, 218, 219, 220, 221, 224, 226, 228, 231, 233, 235, 237, 242], "summary": {"covered_lines": 138, "num_statements": 141, "percent_covered": 96.58536585365853, "percent_covered_display": "97", "missing_lines": 3, "excluded_lines": 2, "percent_statements_covered": 97.87234042553192, "percent_statements_covered_display": "98", "num_branches": 64, "num_partial_branches": 4, "covered_branches": 60, "missing_branches": 4, "percent_branches_covered": 93.75, "percent_branches_covered_display": "94"}, "missing_lines": [74, 75, 222], "excluded_lines": [242, 243], "executed_branches": [[14, 15], [14, 17], [24, 25], [24, 77], [29, 30], [29, 49], [33, 34], [40, 41], [49, 24], [49, 50], [56, 57], [56, 65], [66, 67], [85, 86], [85, 88], [92, 93], [92, 95], [95, 96], [95, 98], [98, 99], [98, 101], [101, 102], [101, 105], [114, 115], [114, 116], [116, 117], [116, 119], [130, 131], [130, 135], [131, 132], [131, 134], [135, 136], [135, 137], [137, 138], [137, 139], [144, 145], [144, 147], [151, 152], [151, 163], [152, 153], [152, 154], [154, 155], [154, 157], [164, 165], [164, 179], [166, 167], [166, 169], [171, 172], [171, 174], [181, 182], [181, 194], [184, 185], [184, 186], [186, 187], [186, 189], [217, 218], [217, 228], [219, 220], [219, 221], [221, 224]], "missing_branches": [[33, 24], [40, 24], [66, 24], [221, 222]], "functions": {"parse_context_from_transcript": {"executed_lines": [14, 15, 17, 18, 19, 22, 24, 25, 26, 29, 30, 31, 33, 34, 35, 36, 39, 40, 41, 42, 49, 50, 53, 56, 57, 58, 65, 66, 67, 68, 77, 79, 80], "summary": {"covered_lines": 33, "num_statements": 35, "percent_covered": 90.19607843137256, "percent_covered_display": "90", "missing_lines": 2, "excluded_lines": 0, "percent_statements_covered": 94.28571428571429, "percent_statements_covered_display": "94", "num_branches": 16, "num_partial_branches": 3, "covered_branches": 13, "missing_branches": 3, "percent_branches_covered": 81.25, "percent_branches_covered_display": "81"}, "missing_lines": [74, 75], "excluded_lines": [], "executed_branches": [[14, 15], [14, 17], [24, 25], [24, 77], [29, 30], [29, 49], [33, 34], [40, 41], [49, 24], [49, 50], [56, 57], [56, 65], [66, 67]], "missing_branches": [[33, 24], [40, 24], [66, 24]]}, "get_context_display": {"executed_lines": [85, 86, 88, 89, 92, 93, 94, 95, 96, 97, 98, 99, 100, 101, 102, 103, 105, 106, 109, 110, 111, 114, 115, 116, 117, 119, 120, 122], "summary": {"covered_lines": 28, "num_statements": 28, "percent_covered": 100.0, "percent_covered_display": "100", "missing_lines": 0, "excluded_lines": 0, "percent_statements_covered": 100.0, "percent_statements_covered_display": "100", "num_branches": 14, "num_partial_branches": 0, "covered_branches": 14, "missing_branches": 0, "percent_branches_covered": 100.0, "percent_branches_covered_display": "100"}, "missing_lines": [], "excluded_lines": [], "executed_branches": [[85, 86], [85, 88], [92, 93], [92, 95], [95, 96], [95, 98], [98, 99], [98, 101], [101, 102], [101, 105], [114, 115], [114, 116], [116, 117], [116, 119]], "missing_branches": []}, "get_directory_display": {"executed_lines": [127, 128, 130, 131, 132, 133, 134, 135, 136, 137, 138, 139], "summary": {"covered_lines": 12, "num_statements": 12, "percent_covered": 100.0, "percent_covered_display": "100", "missing_lines": 0, "excluded_lines": 0, "percent_statements_covered": 100.0, "percent_statements_covered_display": "100", "num_branches": 8, "num_partial_branches": 0, "covered_branches": 8, "missing_branches": 0, "percent_branches_covered": 100.0, "percent_branches_covered_display": "100"}, "missing_lines": [], "excluded_lines": [], "executed_branches": [[130, 131], [130, 135], [131, 132], [131, 134], [135, 136], [135, 137], [137, 138], [137, 139]], "missing_branches": []}, "get_session_metrics": {"executed_lines": [144, 145, 147, 150, 151, 152, 153, 154, 155, 157, 159, 160, 163, 164, 165, 166, 167, 169, 171, 172, 174, 176, 179, 180, 181, 182, 184, 185, 186, 187, 189, 191, 192, 194], "summary": {"covered_lines": 34, "num_statements": 34, "percent_covered": 100.0, "percent_covered_display": "100", "missing_lines": 0, "excluded_lines": 0, "percent_statements_covered": 100.0, "percent_statements_covered_display": "100", "num_branches": 20, "num_partial_branches": 0, "covered_branches": 20, "missing_branches": 0, "percent_branches_covered": 100.0, "percent_branches_covered_display": "100"}, "missing_lines": [], "excluded_lines": [], "executed_branches": [[144, 145], [144, 147], [151, 152], [151, 163], [152, 153], [152, 154], [154, 155], [154, 157], [164, 165], [164, 179], [166, 167], [166, 169], [171, 172], [171, 174], [181, 182], [181, 194], [184, 185], [184, 186], [186, 187], [186, 189]], "missing_branches": []}, "main": {"executed_lines": [198, 200, 203, 204, 205, 206, 209, 212, 213, 214, 217, 218, 219, 220, 221, 224, 226, 228, 231, 233, 235, 237], "summary": {"covered_lines": 22, "num_statements": 23, "percent_covered": 93.10344827586206, "percent_covered_display": "93", "missing_lines": 1, "excluded_lines": 0, "percent_statements_covered": 95.65217391304348, "percent_statements_covered_display": "96", "num_branches": 6, "num_partial_branches": 1, "covered_branches": 5, "missing_branches": 1, "percent_branches_covered": 83.33333333333333, "percent_branches_covered_display": "83"}, "missing_lines": [222], "excluded_lines": [], "executed_branches": [[217, 218], [217, 228], [219, 220], [219, 221], [221, 224]], "missing_branches": [[221, 222]]}, "": {"executed_lines": [2, 6, 7, 8, 9, 12, 83, 125, 142, 197, 242], "summary": {"covered_lines": 9, "num_statements": 9, "percent_covered": 100.0, "percent_covered_display": "100", "missing_lines": 0, "excluded_lines": 2, "percent_statements_covered": 100.0, "percent_statements_covered_display": "100", "num_branches": 0, "num_partial_branches": 0, "covered_branches": 0, "missing_branches": 0, "percent_branches_covered": 100.0, "percent_branches_covered_display": "100"}, "missing_lines": [], "excluded_lines": [242, 243], "executed_branches": [], "missing_branches": []}}, "classes": {"": {"executed_lines": [2, 6, 7, 8, 9, 12, 14, 15, 17, 18, 19, 22, 24, 25, 26, 29, 30, 31, 33, 34, 35, 36, 39, 40, 41, 42, 49, 50, 53, 56, 57, 58, 65, 66, 67, 68, 77, 79, 80, 83, 85, 86, 88, 89, 92, 93, 94, 95, 96, 97, 98, 99, 100, 101, 102, 103, 105, 106, 109, 110, 111, 114, 115, 116, 117, 119, 120, 122, 125, 127, 128, 130, 131, 132, 133, 134, 135, 136, 137, 138, 139, 142, 144, 145, 147, 150, 151, 152, 153, 154, 155, 157, 159, 160, 163, 164, 165, 166, 167, 169, 171, 172, 174, 176, 179, 180, 181, 182, 184, 185, 186, 187, 189, 191, 192, 194, 197, 198, 200, 203, 204, 205, 206, 209, 212, 213, 214, 217, 218, 219, 220, 221, 224, 226, 228, 231, 233, 235, 237, 242], "summary": {"covered_lines": 138, "num_statements": 141, "percent_covered": 96.58536585365853, "percent_covered_display": "97", "missing_lines": 3, "excluded_lines": 2, "percent_statements_covered": 97.87234042553192, "percent_statements_covered_display": "98", "num_branches": 64, "num_partial_branches": 4, "covered_branches": 60, "missing_branches": 4, "percent_branches_covered": 93.75, "percent_branches_covered_display": "94"}, "missing_lines": [74, 75, 222], "excluded_lines": [242, 243], "executed_branches": [[14, 15], [14, 17], [24, 25], [24, 77], [29, 30], [29, 49], [33, 34], [40, 41], [49, 24], [49, 50], [56, 57], [56, 65], [66, 67], [85, 86], [85, 88], [92, 93], [92, 95], [95, 96], [95, 98], [98, 99], [98, 101], [101, 102], [101, 105], [114, 115], [114, 116], [116, 117], [116, 119], [130, 131], [130, 135], [131, 132], [131, 134], [135, 136], [135, 137], [137, 138], [137, 139], [144, 145], [144, 147], [151, 152], [151, 163], [152, 153], [152, 154], [154, 155], [154, 157], [164, 165], [164, 179], [166, 167], [166, 169], [171, 172], [171, 174], [181, 182], [181, 194], [184, 185], [184, 186], [186, 187], [186, 189], [217, 218], [217, 228], [219, 220], [219, 221], [221, 224]], "missing_branches": [[33, 24], [40, 24], [66, 24], [221, 222]]}}}, "steve/helpers/debug_rotation.py": {"executed_lines": [2, 12, 13, 14, 15, 16, 20, 25, 28, 30, 33, 35, 36, 37, 40, 42, 43, 44, 45, 46, 49, 64, 66, 67, 68, 70, 78, 79, 80, 82, 83, 86, 87, 88, 89, 91, 93, 94, 96, 97, 102, 103, 106, 107, 109, 110, 116, 117, 119, 122, 124, 128, 133, 139, 146, 148, 150, 156, 157, 158, 161, 162, 163, 164, 165, 166, 170, 171, 173, 176], "summary": {"covered_lines": 68, "num_statements": 68, "percent_covered": 100.0, "percent_covered_display": "100", "missing_lines": 0, "excluded_lines": 2, "percent_statements_covered": 100.0, "percent_statements_covered_display": "100", "num_branches": 22, "num_partial_branches": 0, "covered_branches": 22, "missing_branches": 0, "percent_branches_covered": 100.0, "percent_branches_covered_display": "100"}, "missing_lines": [], "excluded_lines": [176, 177], "executed_branches": [[42, 43], [42, 46], [43, 44], [43, 45], [66, 67], [66, 70], [82, 83], [82, 86], [86, 87], [86, 116], [91, 93], [91, 106], [96, 97], [96, 102], [102, 86], [102, 103], [109, 86], [109, 110], [156, 157], [156, 161], [170, 171], [170, 173]], "missing_branches": [], "functions": {"get_debug_dir": {"executed_lines": [30], "summary": {"covered_lines": 1, "num_statements": 1, "percent_covered": 100.0, "percent_covered_display": "100", "missing_lines": 0, "excluded_lines": 0, "percent_statements_covered": 100.0, "percent_statements_covered_display": "100", "num_branches": 0, "num_partial_branches": 0, "covered_branches": 0, "missing_branches": 0, "percent_branches_covered": 100.0, "percent_branches_covered_display": "100"}, "missing_lines": [], "excluded_lines": [], "executed_branches": [], "missing_branches": []}, "get_file_age_days": {"executed_lines": [35, 36, 37], "summary": {"covered_lines": 3, "num_statements": 3, "percent_covered": 100.0, "percent_covered_display": "100", "missing_lines": 0, "excluded_lines": 0, "percent_statements_covered": 100.0, "percent_statements_covered_display": "100", "num_branches": 0, "num_partial_branches": 0, "covered_branches": 0, "missing_branches": 0, "percent_branches_covered": 100.0, "percent_branches_covered_display": "100"}, "missing_lines": [], "excluded_lines": [], "executed_branches": [], "missing_branches": []}, "format_size": {"executed_lines": [42, 43, 44, 45, 46], "summary": {"covered_lines": 5, "num_statements": 5, "percent_covered": 100.0, "percent_covered_display": "100", "missing_lines": 0, "excluded_lines": 0, "percent_statements_covered": 100.0, "percent_statements_covered_display": "100", "num_branches": 4, "num_partial_branches": 0, "covered_branches": 4, "missing_branches": 0, "percent_branches_covered": 100.0, "percent_branches_covered_display": "100"}, "missing_lines": [], "excluded_lines": [], "executed_branches": [[42, 43], [42, 46], [43, 44], [43, 45]], "missing_branches": []}, "rotate_debug_logs": {"executed_lines": [64, 66, 67, 68, 70, 78, 79, 80, 82, 83, 86, 87, 88, 89, 91, 93, 94, 96, 97, 102, 103, 106, 107, 109, 110, 116, 117, 119], "summary": {"covered_lines": 28, "num_statements": 28, "percent_covered": 100.0, "percent_covered_display": "100", "missing_lines": 0, "excluded_lines": 0, "percent_statements_covered": 100.0, "percent_statements_covered_display": "100", "num_branches": 14, "num_partial_branches": 0, "covered_branches": 14, "missing_branches": 0, "percent_branches_covered": 100.0, "percent_branches_covered_display": "100"}, "missing_lines": [], "excluded_lines": [], "executed_branches": [[66, 67], [66, 70], [82, 83], [82, 86], [86, 87], [86, 116], [91, 93], [91, 106], [96, 97], [96, 102], [102, 86], [102, 103], [109, 86], [109, 110]], "missing_branches": []}, "main": {"executed_lines": [124, 128, 133, 139, 146, 148, 150, 156, 157, 158, 161, 162, 163, 164, 165, 166, 170, 171, 173], "summary": {"covered_lines": 19, "num_statements": 19, "percent_covered": 100.0, "percent_covered_display": "100", "missing_lines": 0, "excluded_lines": 0, "percent_statements_covered": 100.0, "percent_statements_covered_display": "100", "num_branches": 4, "num_partial_branches": 0, "covered_branches": 4, "missing_branches": 0, "percent_branches_covered": 100.0, "percent_branches_covered_display": "100"}, "missing_lines": [], "excluded_lines": [], "executed_branches": [[156, 157], [156, 161], [170, 171], [170, 173]], "missing_branches": []}, "": {"executed_lines": [2, 12, 13, 14, 15, 16, 20, 25, 28, 33, 40, 49, 122, 176], "summary": {"covered_lines": 12, "num_statements": 12, "percent_covered": 100.0, "percent_covered_display": "100", "missing_lines": 0, "excluded_lines": 2, "percent_statements_covered": 100.0, "percent_statements_covered_display": "100", "num_branches": 0, "num_partial_branches": 0, "covered_branches": 0, "missing_branches": 0, "percent_branches_covered": 100.0, "percent_branches_covered_display": "100"}, "missing_lines": [], "excluded_lines": [176, 177], "executed_branches": [], "missing_branches": []}}, "classes": {"": {"executed_lines": [2, 12, 13, 14, 15, 16, 20, 25, 28, 30, 33, 35, 36, 37, 40, 42, 43, 44, 45, 46, 49, 64, 66, 67, 68, 70, 78, 79, 80, 82, 83, 86, 87, 88, 89, 91, 93, 94, 96, 97, 102, 103, 106, 107, 109, 110, 116, 117, 119, 122, 124, 128, 133, 139, 146, 148, 150, 156, 157, 158, 161, 162, 163, 164, 165, 166, 170, 171, 173, 176], "summary": {"covered_lines": 68, "num_statements": 68, "percent_covered": 100.0, "percent_covered_display": "100", "missing_lines": 0, "excluded_lines": 2, "percent_statements_covered": 100.0, "percent_statements_covered_display": "100", "num_branches": 22, "num_partial_branches": 0, "covered_branches": 22, "missing_branches": 0, "percent_branches_covered": 100.0, "percent_branches_covered_display": "100"}, "missing_lines": [], "excluded_lines": [176, 177], "executed_branches": [[42, 43], [42, 46], [43, 44], [43, 45], [66, 67], [66, 70], [82, 83], [82, 86], [86, 87], [86, 116], [91, 93], [91, 106], [96, 97], [96, 102], [102, 86], [102, 103], [109, 86], [109, 110], [156, 157], [156, 161], [170, 171], [170, 173]], "missing_branches": []}}}, "steve/helpers/history_archival.py": {"executed_lines": [2, 14, 15, 16, 17, 18, 19, 20, 21, 24, 29, 32, 33, 36, 37, 40, 41, 44, 45, 46, 47, 48, 49, 52, 53, 54, 55, 56, 57, 58, 59, 60, 61, 64, 73, 75, 76, 77, 78, 79, 80, 81, 83, 85, 86, 87, 88, 89, 91, 92, 93, 94, 96, 97, 98, 100, 101, 104, 111, 112, 114, 115, 117, 118, 119, 121, 122, 124, 125, 126, 127, 128, 130, 132, 135, 141, 142, 144, 145, 146, 148, 149, 151, 152, 154, 155, 157, 158, 159, 167, 168, 169, 170, 171, 172, 174, 176, 177, 178, 179, 181, 182, 183, 184, 185, 186, 187, 189, 192, 194, 195, 196, 197, 198, 199, 200, 201, 202, 204, 205, 207, 208, 209, 210, 212, 213, 216, 218, 221, 222, 223, 225, 227, 228, 230, 231, 232, 234, 235, 238], "summary": {"covered_lines": 138, "num_statements": 138, "percent_covered": 100.0, "percent_covered_display": "100", "missing_lines": 0, "excluded_lines": 2, "percent_statements_covered": 100.0, "percent_statements_covered_display": "100", "num_branches": 46, "num_partial_branches": 0, "covered_branches": 46, "missing_branches": 0, "percent_branches_covered": 100.0, "percent_branches_covered_display": "100"}, "missing_lines": [], "excluded_lines": [238, 239], "executed_branches": [[45, 46], [45, 49], [46, 47], [46, 48], [54, 55], [54, 56], [56, 57], [56, 58], [85, 86], [85, 91], [91, 92], [91, 96], [100, -64], [100, 101], [111, 112], [111, 114], [114, 115], [114, 117], [118, 119], [118, 132], [121, 122], [121, 124], [124, 125], [124, 130], [144, 145], [144, 148], [154, 155], [154, 157], [168, 169], [168, 174], [170, 171], [170, 172], [176, 177], [176, 181], [178, 179], [178, 181], [204, 205], [204, 207], [207, 208], [207, 212], [209, 210], [209, 212], [212, -192], [212, 213], [230, 231], [230, 234]], "missing_branches": [], "functions": {"get_claude_dir": {"executed_lines": [33], "summary": {"covered_lines": 1, "num_statements": 1, "percent_covered": 100.0, "percent_covered_display": "100", "missing_lines": 0, "excluded_lines": 0, "percent_statements_covered": 100.0, "percent_statements_covered_display": "100", "num_branches": 0, "num_partial_branches": 0, "covered_branches": 0, "missing_branches": 0, "percent_branches_covered": 100.0, "percent_branches_covered_display": "100"}, "missing_lines": [], "excluded_lines": [], "executed_branches": [], "missing_branches": []}, "get_history_file": {"executed_lines": [37], "summary": {"covered_lines": 1, "num_statements": 1, "percent_covered": 100.0, "percent_covered_display": "100", "missing_lines": 0, "excluded_lines": 0, "percent_statements_covered": 100.0, "percent_statements_covered_display": "100", "num_branches": 0, "num_partial_branches": 0, "covered_branches": 0, "missing_branches": 0, "percent_branches_covered": 100.0, "percent_branches_covered_display": "100"}, "missing_lines": [], "excluded_lines": [], "executed_branches": [], "
[...]
s": 15, "num_statements": 15, "percent_covered": 96.55172413793103, "percent_covered_display": "97", "missing_lines": 0, "excluded_lines": 0, "percent_statements_covered": 100.0, "percent_statements_covered_display": "100", "num_branches": 14, "num_partial_branches": 1, "covered_branches": 13, "missing_branches": 1, "percent_branches_covered": 92.85714285714286, "percent_branches_covered_display": "93"}, "missing_lines": [], "excluded_lines": [], "executed_branches": [[79, 80], [79, 82], [82, 84], [82, 96], [85, 86], [85, 87], [87, 88], [89, 90], [89, 94], [90, 89], [90, 91], [92, 89], [92, 93]], "missing_branches": [[87, 96]]}, "extract_events": {"executed_lines": [101, 105, 106, 109, 110, 112, 113, 114, 115, 117, 120, 123, 124, 125, 128, 129, 130, 131, 132, 133, 134, 135, 136, 137, 138, 139, 140, 141, 142, 143, 144, 146, 160, 161, 162, 163, 164, 165, 166, 167, 168, 169, 170, 172, 173, 174, 175, 177, 178, 179, 180, 181, 182, 183, 185, 201, 202, 203, 204, 215], "summary": {"covered_lines": 60, "num_statements": 60, "percent_covered": 99.05660377358491, "percent_covered_display": "99", "missing_lines": 0, "excluded_lines": 0, "percent_statements_covered": 100.0, "percent_statements_covered_display": "100", "num_branches": 46, "num_partial_branches": 1, "covered_branches": 45, "missing_branches": 1, "percent_branches_covered": 97.82608695652173, "percent_branches_covered_display": "98"}, "missing_lines": [], "excluded_lines": [], "executed_branches": [[105, 106], [105, 109], [109, 110], [109, 112], [124, 125], [124, 128], [128, 129], [128, 160], [130, 131], [130, 160], [131, 132], [131, 160], [132, 133], [132, 134], [134, 135], [134, 136], [139, 140], [139, 141], [141, 142], [141, 143], [143, 144], [143, 146], [160, 161], [160, 201], [162, 163], [162, 201], [163, 164], [163, 201], [164, 165], [164, 166], [166, 167], [166, 168], [173, 174], [173, 175], [175, 177], [178, 179], [178, 183], [179, 178], [179, 180], [181, 178], [181, 182], [201, 202], [201, 215], [203, 204], [203, 215]], "missing_branches": [[175, 185]]}, "iter_project_events": {"executed_lines": [219, 220, 221], "summary": {"covered_lines": 3, "num_statements": 3, "percent_covered": 100.0, "percent_covered_display": "100", "missing_lines": 0, "excluded_lines": 0, "percent_statements_covered": 100.0, "percent_statements_covered_display": "100", "num_branches": 4, "num_partial_branches": 0, "covered_branches": 4, "missing_branches": 0, "percent_branches_covered": 100.0, "percent_branches_covered_display": "100"}, "missing_lines": [], "excluded_lines": [], "executed_branches": [[219, -218], [219, 220], [220, 219], [220, 221]], "missing_branches": []}, "iter_project_files": {"executed_lines": [225], "summary": {"covered_lines": 1, "num_statements": 1, "percent_covered": 100.0, "percent_covered_display": "100", "missing_lines": 0, "excluded_lines": 0, "percent_statements_covered": 100.0, "percent_statements_covered_display": "100", "num_branches": 0, "num_partial_branches": 0, "covered_branches": 0, "missing_branches": 0, "percent_branches_covered": 100.0, "percent_branches_covered_display": "100"}, "missing_lines": [], "excluded_lines": [], "executed_branches": [], "missing_branches": []}, "": {"executed_lines": [1, 12, 14, 15, 16, 17, 18, 21, 22, 23, 24, 25, 26, 27, 28, 31, 32, 33, 34, 35, 36, 37, 38, 39, 40, 43, 44, 45, 46, 47, 48, 49, 50, 51, 52, 55, 58, 72, 77, 99, 218, 224], "summary": {"covered_lines": 41, "num_statements": 41, "percent_covered": 100.0, "percent_covered_display": "100", "missing_lines": 0, "excluded_lines": 0, "percent_statements_covered": 100.0, "percent_statements_covered_display": "100", "num_branches": 0, "num_partial_branches": 0, "covered_branches": 0, "missing_branches": 0, "percent_branches_covered": 100.0, "percent_branches_covered_display": "100"}, "missing_lines": [], "excluded_lines": [], "executed_branches": [], "missing_branches": []}}, "classes": {"MessageEvent": {"executed_lines": [], "summary": {"covered_lines": 0, "num_statements": 0, "percent_covered": 100.0, "percent_covered_display": "100", "missing_lines": 0, "excluded_lines": 0, "percent_statements_covered": 100.0, "percent_statements_covered_display": "100", "num_branches": 0, "num_partial_branches": 0, "covered_branches": 0, "missing_branches": 0, "percent_branches_covered": 100.0, "percent_branches_covered_display": "100"}, "missing_lines": [], "excluded_lines": [], "executed_branches": [], "missing_branches": []}, "ToolUseEvent": {"executed_lines": [], "summary": {"covered_lines": 0, "num_statements": 0, "percent_covered": 100.0, "percent_covered_display": "100", "missing_lines": 0, "excluded_lines": 0, "percent_statements_covered": 100.0, "percent_statements_covered_display": "100", "num_branches": 0, "num_partial_branches": 0, "covered_branches": 0, "missing_branches": 0, "percent_branches_covered": 100.0, "percent_branches_covered_display": "100"}, "missing_lines": [], "excluded_lines": [], "executed_branches": [], "missing_branches": []}, "ToolResultEvent": {"executed_lines": [], "summary": {"covered_lines": 0, "num_statements": 0, "percent_covered": 100.0, "percent_covered_display": "100", "missing_lines": 0, "excluded_lines": 0, "percent_statements_covered": 100.0, "percent_statements_covered_display": "100", "num_branches": 0, "num_partial_branches": 0, "covered_branches": 0, "missing_branches": 0, "percent_branches_covered": 100.0, "percent_branches_covered_display": "100"}, "missing_lines": [], "excluded_lines": [], "executed_branches": [], "missing_branches": []}, "": {"executed_lines": [1, 12, 14, 15, 16, 17, 18, 21, 22, 23, 24, 25, 26, 27, 28, 31, 32, 33, 34, 35, 36, 37, 38, 39, 40, 43, 44, 45, 46, 47, 48, 49, 50, 51, 52, 55, 58, 59, 60, 61, 62, 63, 64, 65, 66, 67, 68, 69, 72, 73, 74, 77, 79, 80, 82, 84, 85, 86, 87, 88, 89, 90, 91, 92, 93, 94, 96, 99, 101, 105, 106, 109, 110, 112, 113, 114, 115, 117, 120, 123, 124, 125, 128, 129, 130, 131, 132, 133, 134, 135, 136, 137, 138, 139, 140, 141, 142, 143, 144, 146, 160, 161, 162, 163, 164, 165, 166, 167, 168, 169, 170, 172, 173, 174, 175, 177, 178, 179, 180, 181, 182, 183, 185, 201, 202, 203, 204, 215, 218, 219, 220, 221, 224, 225], "summary": {"covered_lines": 133, "num_statements": 133, "percent_covered": 99.01477832512315, "percent_covered_display": "99", "missing_lines": 0, "excluded_lines": 0, "percent_statements_covered": 100.0, "percent_statements_covered_display": "100", "num_branches": 70, "num_partial_branches": 2, "covered_branches": 68, "missing_branches": 2, "percent_branches_covered": 97.14285714285714, "percent_branches_covered_display": "97"}, "missing_lines": [], "excluded_lines": [], "executed_branches": [[60, -58], [60, 61], [62, 63], [62, 64], [68, 60], [68, 69], [79, 80], [79, 82], [82, 84], [82, 96], [85, 86], [85, 87], [87, 88], [89, 90], [89, 94], [90, 89], [90, 91], [92, 89], [92, 93], [105, 106], [105, 109], [109, 110], [109, 112], [124, 125], [124, 128], [128, 129], [128, 160], [130, 131], [130, 160], [131, 132], [131, 160], [132, 133], [132, 134], [134, 135], [134, 136], [139, 140], [139, 141], [141, 142], [141, 143], [143, 144], [143, 146], [160, 161], [160, 201], [162, 163], [162, 201], [163, 164], [163, 201], [164, 165], [164, 166], [166, 167], [166, 168], [173, 174], [173, 175], [175, 177], [178, 179], [178, 183], [179, 178], [179, 180], [181, 178], [181, 182], [201, 202], [201, 215], [203, 204], [203, 215], [219, -218], [219, 220], [220, 219], [220, 221]], "missing_branches": [[87, 96], [175, 185]]}}}, "steve/helpers/test_agent_state_snapshot.py": {"executed_lines": [4, 6, 9, 10, 11, 25, 27, 28, 29, 30, 31, 33, 34, 35, 37, 38, 39, 40, 41], "summary": {"covered_lines": 18, "num_statements": 18, "percent_covered": 100.0, "percent_covered_display": "100", "missing_lines": 0, "excluded_lines": 0, "percent_statements_covered": 100.0, "percent_statements_covered_display": "100", "num_branches": 0, "num_partial_branches": 0, "covered_branches": 0, "missing_branches": 0, "percent_branches_covered": 100.0, "percent_branches_covered_display": "100"}, "missing_lines": [], "excluded_lines": [], "executed_branches": [], "missing_branches": [], "functions": {"TestAgentStateSnapshot.test_extracts_functions_aliases_exports": {"executed_lines": [11, 25, 27, 28, 29, 30, 31, 33, 34, 35], "summary": {"covered_lines": 10, "num_statements": 10, "percent_covered": 100.0, "percent_covered_display": "100", "missing_lines": 0, "excluded_lines": 0, "percent_statements_covered": 100.0, "percent_statements_covered_display": "100", "num_branches": 0, "num_partial_branches": 0, "covered_branches": 0, "missing_branches": 0, "percent_branches_covered": 100.0, "percent_branches_covered_display": "100"}, "missing_lines": [], "excluded_lines": [], "executed_branches": [], "missing_branches": []}, "TestAgentStateSnapshot.test_is_deterministic": {"executed_lines": [38, 39, 40, 41], "summary": {"covered_lines": 4, "num_statements": 4, "percent_covered": 100.0, "percent_covered_display": "100", "missing_lines": 0, "excluded_lines": 0, "percent_statements_covered": 100.0, "percent_statements_covered_display": "100", "num_branches": 0, "num_partial_branches": 0, "covered_branches": 0, "missing_branches": 0, "percent_branches_covered": 100.0, "percent_branches_covered_display": "100"}, "missing_lines": [], "excluded_lines": [], "executed_branches": [], "missing_branches": []}, "": {"executed_lines": [4, 6, 9, 10, 37], "summary": {"covered_lines": 4, "num_statements": 4, "percent_covered": 100.0, "percent_covered_display": "100", "missing_lines": 0, "excluded_lines": 0, "percent_statements_covered": 100.0, "percent_statements_covered_display": "100", "num_branches": 0, "num_partial_branches": 0, "covered_branches": 0, "missing_branches": 0, "percent_branches_covered": 100.0, "percent_branches_covered_display": "100"}, "missing_lines": [], "excluded_lines": [], "executed_branches": [], "missing_branches": []}}, "classes": {"TestAgentStateSnapshot": {"executed_lines": [11, 25, 27, 28, 29, 30, 31, 33, 34, 35, 38, 39, 40, 41], "summary": {"covered_lines": 14, "num_statements": 14, "percent_covered": 100.0, "percent_covered_display": "100", "missing_lines": 0, "excluded_lines": 0, "percent_statements_covered": 100.0, "percent_statements_covered_display": "100", "num_branches": 0, "num_partial_branches": 0, "covered_branches": 0, "missing_branches": 0, "percent_branches_covered": 100.0, "percent_branches_covered_display": "100"}, "missing_lines": [], "excluded_lines": [], "executed_branches": [], "missing_branches": []}, "": {"executed_lines": [4, 6, 9, 10, 37], "summary": {"covered_lines": 4, "num_statements": 4, "percent_covered": 100.0, "percent_covered_display": "100", "missing_lines": 0, "excluded_lines": 0, "percent_statements_covered": 100.0, "percent_statements_covered_display": "100", "num_branches": 0, "num_partial_branches": 0, "covered_branches": 0, "missing_branches": 0, "percent_branches_covered": 100.0, "percent_branches_covered_display": "100"}, "missing_lines": [], "excluded_lines": [], "executed_branches": [], "missing_branches": []}}}, "steve/helpers/test_projects_dataset.py": {"executed_lines": [4, 6, 7, 10, 11, 12, 43, 44, 45, 47, 48, 49, 50, 51, 52, 55, 56, 59, 61, 62, 93, 94, 95, 101, 102, 125, 126, 127], "summary": {"covered_lines": 27, "num_statements": 27, "percent_covered": 100.0, "percent_covered_display": "100", "missing_lines": 0, "excluded_lines": 0, "percent_statements_covered": 100.0, "percent_statements_covered_display": "100", "num_branches": 0, "num_partial_branches": 0, "covered_branches": 0, "missing_branches": 0, "percent_branches_covered": 100.0, "percent_branches_covered_display": "100"}, "missing_lines": [], "excluded_lines": [], "executed_branches": [], "missing_branches": [], "functions": {"TestProjectsDataset.test_pairs_tool_use_with_tool_result": {"executed_lines": [12, 43, 44, 45, 47, 48, 49, 50, 51, 52, 55, 56, 59], "summary": {"covered_lines": 13, "num_statements": 13, "percent_covered": 100.0, "percent_covered_display": "100", "missing_lines": 0, "excluded_lines": 0, "percent_statements_covered": 100.0, "percent_statements_covered_display": "100", "num_branches": 0, "num_partial_branches": 0, "covered_branches": 0, "missing_branches": 0, "percent_branches_covered": 100.0, "percent_branches_covered_display": "100"}, "missing_lines": [], "excluded_lines": [], "executed_branches": [], "missing_branches": []}, "TestProjectsDataset.test_trace_includes_intermediate_messages_by_default": {"executed_lines": [62, 93, 94, 95], "summary": {"covered_lines": 4, "num_statements": 4, "percent_covered": 100.0, "percent_covered_display": "100", "missing_lines": 0, "excluded_lines": 0, "percent_statements_covered": 100.0, "percent_statements_covered_display": "100", "num_branches": 0, "num_partial_branches": 0, "covered_branches": 0, "missing_branches": 0, "percent_branches_covered": 100.0, "percent_branches_covered_display": "100"}, "missing_lines": [], "excluded_lines": [], "executed_branches": [], "missing_branches": []}, "TestProjectsDataset.test_reward_is_negative_on_error": {"executed_lines": [102, 125, 126, 127], "summary": {"covered_lines": 4, "num_statements": 4, "percent_covered": 100.0, "percent_covered_display": "100", "missing_lines": 0, "excluded_lines": 0, "percent_statements_covered": 100.0, "percent_statements_covered_display": "100", "num_branches": 0, "num_partial_branches": 0, "covered_branches": 0, "missing_branches": 0, "percent_branches_covered": 100.0, "percent_branches_covered_display": "100"}, "missing_lines": [], "excluded_lines": [], "executed_branches": [], "missing_branches": []}, "": {"executed_lines": [4, 6, 7, 10, 11, 61, 101], "summary": {"covered_lines": 6, "num_statements": 6, "percent_covered": 100.0, "percent_covered_display": "100", "missing_lines": 0, "excluded_lines": 0, "percent_statements_covered": 100.0, "percent_statements_covered_display": "100", "num_branches": 0, "num_partial_branches": 0, "covered_branches": 0, "missing_branches": 0, "percent_branches_covered": 100.0, "percent_branches_covered_display": "100"}, "missing_lines": [], "excluded_lines": [], "executed_branches": [], "missing_branches": []}}, "classes": {"TestProjectsDataset": {"executed_lines": [12, 43, 44, 45, 47, 48, 49, 50, 51, 52, 55, 56, 59, 62, 93, 94, 95, 102, 125, 126, 127], "summary": {"covered_lines": 21, "num_statements": 21, "percent_covered": 100.0, "percent_covered_display": "100", "missing_lines": 0, "excluded_lines": 0, "percent_statements_covered": 100.0, "percent_statements_covered_display": "100", "num_branches": 0, "num_partial_branches": 0, "covered_branches": 0, "missing_branches": 0, "percent_branches_covered": 100.0, "percent_branches_covered_display": "100"}, "missing_lines": [], "excluded_lines": [], "executed_branches": [], "missing_branches": []}, "": {"executed_lines": [4, 6, 7, 10, 11, 61, 101], "summary": {"covered_lines": 6, "num_statements": 6, "percent_covered": 100.0, "percent_covered_display": "100", "missing_lines": 0, "excluded_lines": 0, "percent_statements_covered": 100.0, "percent_statements_covered_display": "100", "num_branches": 0, "num_partial_branches": 0, "covered_branches": 0, "missing_branches": 0, "percent_branches_covered": 100.0, "percent_branches_covered_display": "100"}, "missing_lines": [], "excluded_lines": [], "executed_branches": [], "missing_branches": []}}}, "steve/helpers/test_projects_extract.py": {"executed_lines": [4, 6, 14, 15, 16, 34, 35, 36, 37, 38, 39, 41, 42, 60, 61, 62, 63, 64, 65, 67, 68, 76, 77, 78, 79], "summary": {"covered_lines": 24, "num_statements": 24, "percent_covered": 100.0, "percent_covered_display": "100", "missing_lines": 0, "excluded_lines": 0, "percent_statements_covered": 100.0, "percent_statements_covered_display": "100", "num_branches": 0, "num_partial_branches": 0, "covered_branches": 0, "missing_branches": 0, "percent_branches_covered": 100.0, "percent_branches_covered_display": "100"}, "missing_lines": [], "excluded_lines": [], "executed_branches": [], "missing_branches": [], "functions": {"TestProjectsExtract.test_extracts_tool_use": {"executed_lines": [16, 34, 35, 36, 37, 38, 39], "summary": {"covered_lines": 7, "num_statements": 7, "percent_covered": 100.0, "percent_covered_display": "100", "missing_lines": 0, "excluded_lines": 0, "percent_statements_covered": 100.0, "percent_statements_covered_display": "100", "num_branches": 0, "num_partial_branches": 0, "covered_branches": 0, "missing_branches": 0, "percent_branches_covered": 100.0, "percent_branches_covered_display": "100"}, "missing_lines": [], "excluded_lines": [], "executed_branches": [], "missing_branches": []}, "TestProjectsExtract.test_extracts_tool_result": {"executed_lines": [42, 60, 61, 62, 63, 64, 65], "summary": {"covered_lines": 7, "num_statements": 7, "percent_covered": 100.0, "percent_covered_display": "100", "missing_lines": 0, "excluded_lines": 0, "percent_statements_covered": 100.0, "percent_statements_covered_display": "100", "num_branches": 0, "num_partial_branches": 0, "covered_branches": 0, "missing_branches": 0, "percent_branches_covered": 100.0, "percent_branches_covered_display": "100"}, "missing_lines": [], "excluded_lines": [], "executed_branches": [], "missing_branches": []}, "TestProjectsExtract.test_extracts_plain_text_message": {"executed_lines": [68, 76, 77, 78, 79], "summary": {"covered_lines": 5, "num_statements": 5, "percent_covered": 100.0, "percent_covered_display": "100", "missing_lines": 0, "excluded_lines": 0, "percent_statements_covered": 100.0, "percent_statements_covered_display": "100", "num_branches": 0, "num_partial_branches": 0, "covered_branches": 0, "missing_branches": 0, "percent_branches_covered": 100.0, "percent_branches_covered_display": "100"}, "missing_lines": [], "excluded_lines": [], "executed_branches": [], "missing_branches": []}, "": {"executed_lines": [4, 6, 14, 15, 41, 67], "summary": {"covered_lines": 5, "num_statements": 5, "percent_covered": 100.0, "percent_covered_display": "100", "missing_lines": 0, "excluded_lines": 0, "percent_statements_covered": 100.0, "percent_statements_covered_display": "100", "num_branches": 0, "num_partial_branches": 0, "covered_branches": 0, "missing_branches": 0, "percent_branches_covered": 100.0, "percent_branches_covered_display": "100"}, "missing_lines": [], "excluded_lines": [], "executed_branches": [], "missing_branches": []}}, "classes": {"TestProjectsExtract": {"executed_lines": [16, 34, 35, 36, 37, 38, 39, 42, 60, 61, 62, 63, 64, 65, 68, 76, 77, 78, 79], "summary": {"covered_lines": 19, "num_statements": 19, "percent_covered": 100.0, "percent_covered_display": "100", "missing_lines": 0, "excluded_lines": 0, "percent_statements_covered": 100.0, "percent_statements_covered_display": "100", "num_branches": 0, "num_partial_branches": 0, "covered_branches": 0, "missing_branches": 0, "percent_branches_covered": 100.0, "percent_branches_covered_display": "100"}, "missing_lines": [], "excluded_lines": [], "executed_branches": [], "missing_branches": []}, "": {"executed_lines": [4, 6, 14, 15, 41, 67], "summary": {"covered_lines": 5, "num_statements": 5, "percent_covered": 100.0, "percent_covered_display": "100", "missing_lines": 0, "excluded_lines": 0, "percent_statements_covered": 100.0, "percent_statements_covered_display": "100", "num_branches": 0, "num_partial_branches": 0, "covered_branches": 0, "missing_branches": 0, "percent_branches_covered": 100.0, "percent_branches_covered_display": "100"}, "missing_lines": [], "excluded_lines": [], "executed_branches": [], "missing_branches": []}}}}, "totals": {"covered_lines": 1127, "num_statements": 1361, "percent_covered": 82.46205733558179, "percent_covered_display": "82", "missing_lines": 234, "excluded_lines": 35, "percent_statements_covered": 82.80675973548861, "percent_statements_covered_display": "83", "num_branches": 418, "num_partial_branches": 20, "covered_branches": 340, "missing_branches": 78, "percent_branches_covered": 81.33971291866028, "percent_branches_covered_display": "81"}}
